"C:/PAVLOV/WOOD/PavlovVR-ModKit/Plugins/UGC3701583/Content/SVR_GoodTime_Cordon/Models/Terrain/TerrainMiddle.uasset" 0
"C:/PAVLOV/WOOD/PavlovVR-ModKit/Plugins/UGC3701583/Content/SVR_GoodTime_Cordon/Models/Terrain/TerrainMiddle.uexp" 1
"C:/PAVLOV/WOOD/PavlovVR-ModKit/Plugins/UGC3701583/Content/SVR_GoodTime_Cordon/Models/Builder/Walls.uasset" 2
"C:/PAVLOV/WOOD/PavlovVR-ModKit/Plugins/UGC3701583/Content/SVR_GoodTime_Cordon/Models/Builder/Walls.uexp" 3
"C:/PAVLOV/WOOD/PavlovVR-ModKit/Plugins/UGC3701583/Content/SVR_GoodTime_Cordon/Models/Builder/Tunnels.uasset" 4
"C:/PAVLOV/WOOD/PavlovVR-ModKit/Plugins/UGC3701583/Content/SVR_GoodTime_Cordon/Models/Builder/Tunnels.uexp" 5
"C:/PAVLOV/WOOD/PavlovVR-ModKit/Plugins/UGC3701583/Content/SVR_GoodTime_Cordon/Models/Builder/Rails.uasset" 6
"C:/PAVLOV/WOOD/PavlovVR-ModKit/Plugins/UGC3701583/Content/SVR_GoodTime_Cordon/Models/Builder/Rails.uexp" 7
"C:/PAVLOV/WOOD/PavlovVR-ModKit/Plugins/UGC3701583/Content/SVR_GoodTime_Cordon/Models/Builder/Pillars.uasset" 8
"C:/PAVLOV/WOOD/PavlovVR-ModKit/Plugins/UGC3701583/Content/SVR_GoodTime_Cordon/Models/Builder/Pillars.uexp" 9
"C:/PAVLOV/WOOD/PavlovVR-ModKit/Plugins/UGC3701583/Content/SVR_GoodTime_Cordon/Materials/Grnd_lasdscape/Gravel_Ground_xdusfjy/T_Gravel_Ground_xdusfjy_1K_N.ubulk" 10
"C:/PAVLOV/WOOD/PavlovVR-ModKit/Plugins/UGC3701583/Content/SVR_GoodTime_Cordon/Materials/Grnd_lasdscape/Gravel_Ground_xdusfjy/T_Gravel_Ground_xdusfjy_1K_N.uasset" 11
"C:/PAVLOV/WOOD/PavlovVR-ModKit/Plugins/UGC3701583/Content/SVR_GoodTime_Cordon/Materials/Grnd_lasdscape/Gravel_Ground_xdusfjy/T_Gravel_Ground_xdusfjy_1K_N.uexp" 12
"C:/PAVLOV/WOOD/PavlovVR-ModKit/Plugins/UGC3701583/Content/SVR_GoodTime_Cordon/Materials/Grnd_lasdscape/Mossy_LayerInfo.uasset" 13
"C:/PAVLOV/WOOD/PavlovVR-ModKit/Plugins/UGC3701583/Content/SVR_GoodTime_Cordon/Materials/Grnd_lasdscape/Mossy_LayerInfo.uexp" 14
"C:/PAVLOV/WOOD/PavlovVR-ModKit/Plugins/UGC3701583/Content/SVR_GoodTime_Cordon/Materials/Grnd_lasdscape/Gravel_LayerInfo.uasset" 15
"C:/PAVLOV/WOOD/PavlovVR-ModKit/Plugins/UGC3701583/Content/SVR_GoodTime_Cordon/Materials/Grnd_lasdscape/Gravel_LayerInfo.uexp" 16
"C:/PAVLOV/WOOD/PavlovVR-ModKit/Plugins/UGC3701583/Content/SVR_GoodTime_Cordon/Materials/Grmd_material1.uasset" 17
"C:/PAVLOV/WOOD/PavlovVR-ModKit/Plugins/UGC3701583/Content/SVR_GoodTime_Cordon/Materials/Grmd_material1.uexp" 18
"C:/PAVLOV/WOOD/PavlovVR-ModKit/Plugins/UGC3701583/Content/SVR_GoodTime_Cordon/Materials/Grnd_lasdscape/Gravel_Ground_xdusfjy/T_Gravel_Ground_xdusfjy_1K_D.ubulk" 19
"C:/PAVLOV/WOOD/PavlovVR-ModKit/Plugins/UGC3701583/Content/SVR_GoodTime_Cordon/Materials/Grnd_lasdscape/Gravel_Ground_xdusfjy/T_Gravel_Ground_xdusfjy_1K_D.uasset" 20
"C:/PAVLOV/WOOD/PavlovVR-ModKit/Plugins/UGC3701583/Content/SVR_GoodTime_Cordon/Materials/Grnd_lasdscape/Gravel_Ground_xdusfjy/T_Gravel_Ground_xdusfjy_1K_D.uexp" 21
"C:/PAVLOV/WOOD/PavlovVR-ModKit/Plugins/UGC3701583/Content/SVR_GoodTime_Cordon/Materials/Grnd_lasdscape/Mossy_Ground_xiboab2r/T_Mossy_Ground_xiboab2r_1K_N.ubulk" 22
"C:/PAVLOV/WOOD/PavlovVR-ModKit/Plugins/UGC3701583/Content/SVR_GoodTime_Cordon/Materials/Grnd_lasdscape/Mossy_Ground_xiboab2r/T_Mossy_Ground_xiboab2r_1K_N.uasset" 23
"C:/PAVLOV/WOOD/PavlovVR-ModKit/Plugins/UGC3701583/Content/SVR_GoodTime_Cordon/Materials/Grnd_lasdscape/Mossy_Ground_xiboab2r/T_Mossy_Ground_xiboab2r_1K_N.uexp" 24
"C:/PAVLOV/WOOD/PavlovVR-ModKit/Plugins/UGC3701583/Content/SVR_GoodTime_Cordon/Materials/Grnd_lasdscape/Mossy_Ground_xiboab2r/T_Mossy_Ground_xiboab2r_1K_D.ubulk" 25
"C:/PAVLOV/WOOD/PavlovVR-ModKit/Plugins/UGC3701583/Content/SVR_GoodTime_Cordon/Materials/Grnd_lasdscape/Mossy_Ground_xiboab2r/T_Mossy_Ground_xiboab2r_1K_D.uasset" 26
"C:/PAVLOV/WOOD/PavlovVR-ModKit/Plugins/UGC3701583/Content/SVR_GoodTime_Cordon/Materials/Grnd_lasdscape/Mossy_Ground_xiboab2r/T_Mossy_Ground_xiboab2r_1K_D.uexp" 27
"C:/PAVLOV/WOOD/PavlovVR-ModKit/Plugins/UGC3701583/Content/SVR_GoodTime_Cordon/Materials/Grnd_lasdscape/Mossy_Ground_xiboab2r/T_MossyGround_xiboab2r_1K_ORDp.ubulk" 28
"C:/PAVLOV/WOOD/PavlovVR-ModKit/Plugins/UGC3701583/Content/SVR_GoodTime_Cordon/Materials/Grnd_lasdscape/Mossy_Ground_xiboab2r/T_MossyGround_xiboab2r_1K_ORDp.uasset" 29
"C:/PAVLOV/WOOD/PavlovVR-ModKit/Plugins/UGC3701583/Content/SVR_GoodTime_Cordon/Materials/Grnd_lasdscape/Mossy_Ground_xiboab2r/T_MossyGround_xiboab2r_1K_ORDp.uexp" 30
"C:/PAVLOV/WOOD/PavlovVR-ModKit/Plugins/UGC3701583/Content/SVR_GoodTime_Cordon/Models/Builder/House2Soffa.uasset" 31
"C:/PAVLOV/WOOD/PavlovVR-ModKit/Plugins/UGC3701583/Content/SVR_GoodTime_Cordon/Models/Builder/House2Soffa.uexp" 32
"C:/PAVLOV/WOOD/PavlovVR-ModKit/Plugins/UGC3701583/Content/SVR_GoodTime_Cordon/Models/Builder/Ceemps.uasset" 33
"C:/PAVLOV/WOOD/PavlovVR-ModKit/Plugins/UGC3701583/Content/SVR_GoodTime_Cordon/Models/Builder/Ceemps.uexp" 34
"C:/PAVLOV/WOOD/PavlovVR-ModKit/Plugins/UGC3701583/Content/SVR_GoodTime_Cordon/Models/Builder/Bridge_normal_6564.uasset" 35
"C:/PAVLOV/WOOD/PavlovVR-ModKit/Plugins/UGC3701583/Content/SVR_GoodTime_Cordon/Models/Builder/Bridge_normal_6564.uexp" 36
"C:/PAVLOV/WOOD/PavlovVR-ModKit/Plugins/UGC3701583/Content/SVR_GoodTime_Cordon/Models/Builder/Bridge_normal_6523.uasset" 37
"C:/PAVLOV/WOOD/PavlovVR-ModKit/Plugins/UGC3701583/Content/SVR_GoodTime_Cordon/Models/Builder/Bridge_normal_6523.uexp" 38
"C:/PAVLOV/WOOD/PavlovVR-ModKit/Plugins/UGC3701583/Content/SVR_GoodTime_Cordon/Models/Builder/BridgeDown.uasset" 39
"C:/PAVLOV/WOOD/PavlovVR-ModKit/Plugins/UGC3701583/Content/SVR_GoodTime_Cordon/Models/Builder/BridgeDown.uexp" 40
"C:/PAVLOV/WOOD/PavlovVR-ModKit/Plugins/UGC3701583/Content/SVR_GoodTime_Cordon/Models/Builder/Base45_normal_6744.uasset" 41
"C:/PAVLOV/WOOD/PavlovVR-ModKit/Plugins/UGC3701583/Content/SVR_GoodTime_Cordon/Models/Builder/Base45_normal_6744.uexp" 42
"C:/PAVLOV/WOOD/PavlovVR-ModKit/Plugins/UGC3701583/Content/SVR_GoodTime_Cordon/Models/Builder/Base45_normal_091.uasset" 43
"C:/PAVLOV/WOOD/PavlovVR-ModKit/Plugins/UGC3701583/Content/SVR_GoodTime_Cordon/Models/Builder/Base45_normal_091.uexp" 44
"C:/PAVLOV/WOOD/PavlovVR-ModKit/Plugins/UGC3701583/Content/SVR_GoodTime_Cordon/Models/Builder/Base1_normal_897.uasset" 45
"C:/PAVLOV/WOOD/PavlovVR-ModKit/Plugins/UGC3701583/Content/SVR_GoodTime_Cordon/Models/Builder/Base1_normal_897.uexp" 46
"C:/PAVLOV/WOOD/PavlovVR-ModKit/Plugins/UGC3701583/Content/SVR_GoodTime_Cordon/Models/Fireplace/Box.uasset" 47
"C:/PAVLOV/WOOD/PavlovVR-ModKit/Plugins/UGC3701583/Content/SVR_GoodTime_Cordon/Models/Fireplace/Box.uexp" 48
"C:/PAVLOV/WOOD/PavlovVR-ModKit/Plugins/UGC3701583/Content/SVR_GoodTime_Cordon/Textures/snowtexture.uasset" 49
"C:/PAVLOV/WOOD/PavlovVR-ModKit/Plugins/UGC3701583/Content/SVR_GoodTime_Cordon/Textures/snowtexture.uexp" 50
"C:/PAVLOV/WOOD/PavlovVR-ModKit/Plugins/UGC3701583/Content/SVR_GoodTime_Cordon/Blueprints/AnomTeleport.uasset" 51
"C:/PAVLOV/WOOD/PavlovVR-ModKit/Plugins/UGC3701583/Content/SVR_GoodTime_Cordon/Blueprints/AnomTeleport.uexp" 52
"C:/PAVLOV/WOOD/PavlovVR-ModKit/Plugins/UGC3701583/Content/SVR_GoodTime_Cordon/Rail2.uasset" 53
"C:/PAVLOV/WOOD/PavlovVR-ModKit/Plugins/UGC3701583/Content/SVR_GoodTime_Cordon/Rail2.uexp" 54
"C:/PAVLOV/WOOD/PavlovVR-ModKit/Plugins/UGC3701583/Content/SVR_GoodTime_Cordon/Textures/bark.uasset" 55
"C:/PAVLOV/WOOD/PavlovVR-ModKit/Plugins/UGC3701583/Content/SVR_GoodTime_Cordon/Textures/bark.uexp" 56
"C:/PAVLOV/WOOD/PavlovVR-ModKit/Plugins/UGC3701583/Content/SVR_GoodTime_Cordon/Textures/grnd_grass1.ubulk" 57
"C:/PAVLOV/WOOD/PavlovVR-ModKit/Plugins/UGC3701583/Content/SVR_GoodTime_Cordon/Textures/grnd_grass1.uasset" 58
"C:/PAVLOV/WOOD/PavlovVR-ModKit/Plugins/UGC3701583/Content/SVR_GoodTime_Cordon/Textures/grnd_grass1.uexp" 59
"C:/PAVLOV/WOOD/PavlovVR-ModKit/Plugins/UGC3701583/Content/SVR_GoodTime_Cordon/Block1.uasset" 60
"C:/PAVLOV/WOOD/PavlovVR-ModKit/Plugins/UGC3701583/Content/SVR_GoodTime_Cordon/Block1.uexp" 61
"C:/PAVLOV/WOOD/PavlovVR-ModKit/Plugins/UGC3701583/Content/definition.uasset" 62
"C:/PAVLOV/WOOD/PavlovVR-ModKit/Plugins/UGC3701583/Content/definition.uexp" 63
"C:/PAVLOV/WOOD/PavlovVR-ModKit/Plugins/UGC3701583/Content/SVR_GoodTime_Cordon/Materials/Rusty_Shipping_Container_vl3iaiedy/T_Rusty_Shipping_Container_vl3iaiedy_1K_D.ubulk" 64
"C:/PAVLOV/WOOD/PavlovVR-ModKit/Plugins/UGC3701583/Content/SVR_GoodTime_Cordon/Materials/Rusty_Shipping_Container_vl3iaiedy/T_Rusty_Shipping_Container_vl3iaiedy_1K_D.uasset" 65
"C:/PAVLOV/WOOD/PavlovVR-ModKit/Plugins/UGC3701583/Content/SVR_GoodTime_Cordon/Materials/Rusty_Shipping_Container_vl3iaiedy/T_Rusty_Shipping_Container_vl3iaiedy_1K_D.uexp" 66
"C:/PAVLOV/WOOD/PavlovVR-ModKit/Plugins/UGC3701583/Content/SVR_GoodTime_Cordon/Materials/Rusty_Shipping_Container_vl3iaiedy/T_Rusty_Shipping_Container_vl3iaiedy_1K_N.ubulk" 67
"C:/PAVLOV/WOOD/PavlovVR-ModKit/Plugins/UGC3701583/Content/SVR_GoodTime_Cordon/Materials/Rusty_Shipping_Container_vl3iaiedy/T_Rusty_Shipping_Container_vl3iaiedy_1K_N.uasset" 68
"C:/PAVLOV/WOOD/PavlovVR-ModKit/Plugins/UGC3701583/Content/SVR_GoodTime_Cordon/Materials/Rusty_Shipping_Container_vl3iaiedy/T_Rusty_Shipping_Container_vl3iaiedy_1K_N.uexp" 69
"C:/PAVLOV/WOOD/PavlovVR-ModKit/Plugins/UGC3701583/Content/SVR_GoodTime_Cordon/Materials/Rusty_Shipping_Container_vl3iaiedy/T_Rusty_Shipping_Container_vl3iaiedy_1K_Mat.uasset" 70
"C:/PAVLOV/WOOD/PavlovVR-ModKit/Plugins/UGC3701583/Content/SVR_GoodTime_Cordon/Materials/Rusty_Shipping_Container_vl3iaiedy/T_Rusty_Shipping_Container_vl3iaiedy_1K_Mat.uexp" 71
"C:/PAVLOV/WOOD/PavlovVR-ModKit/Plugins/UGC3701583/Content/SVR_GoodTime_Cordon/Materials/Rusty_Shipping_Container_vl3iaiedy/T_RustyShippingContainer_vl3iaiedy_1K_ORDp.ubulk" 72
"C:/PAVLOV/WOOD/PavlovVR-ModKit/Plugins/UGC3701583/Content/SVR_GoodTime_Cordon/Materials/Rusty_Shipping_Container_vl3iaiedy/T_RustyShippingContainer_vl3iaiedy_1K_ORDp.uasset" 73
"C:/PAVLOV/WOOD/PavlovVR-ModKit/Plugins/UGC3701583/Content/SVR_GoodTime_Cordon/Materials/Rusty_Shipping_Container_vl3iaiedy/T_RustyShippingContainer_vl3iaiedy_1K_ORDp.uexp" 74
"C:/PAVLOV/WOOD/PavlovVR-ModKit/Plugins/UGC3701583/Content/SVR_GoodTime_Cordon/Materials/Rusty_Shipping_Container_vl3iaiedy/MI_Rusty_Shipping_Container_vl3iaiedy_1K.uasset" 75
"C:/PAVLOV/WOOD/PavlovVR-ModKit/Plugins/UGC3701583/Content/SVR_GoodTime_Cordon/Materials/Rusty_Shipping_Container_vl3iaiedy/MI_Rusty_Shipping_Container_vl3iaiedy_1K.uexp" 76
"C:/PAVLOV/WOOD/PavlovVR-ModKit/Plugins/UGC3701583/Content/SVR_GoodTime_Cordon/Materials/Stone_Wall_vddjdfm/T_Stone_Wall_vddjdfm_1K_D.ubulk" 77
"C:/PAVLOV/WOOD/PavlovVR-ModKit/Plugins/UGC3701583/Content/SVR_GoodTime_Cordon/Materials/Stone_Wall_vddjdfm/T_Stone_Wall_vddjdfm_1K_D.uasset" 78
"C:/PAVLOV/WOOD/PavlovVR-ModKit/Plugins/UGC3701583/Content/SVR_GoodTime_Cordon/Materials/Stone_Wall_vddjdfm/T_Stone_Wall_vddjdfm_1K_D.uexp" 79
"C:/PAVLOV/WOOD/PavlovVR-ModKit/Plugins/UGC3701583/Content/SVR_GoodTime_Cordon/Materials/Stone_Wall_vddjdfm/Wall.uasset" 80
"C:/PAVLOV/WOOD/PavlovVR-ModKit/Plugins/UGC3701583/Content/SVR_GoodTime_Cordon/Materials/Stone_Wall_vddjdfm/Wall.uexp" 81
"C:/PAVLOV/WOOD/PavlovVR-ModKit/Plugins/UGC3701583/Content/SVR_GoodTime_Cordon/Materials/Stone_Wall_vddjdfm/T_StoneWall_vddjdfm_1K_ORDp.ubulk" 82
"C:/PAVLOV/WOOD/PavlovVR-ModKit/Plugins/UGC3701583/Content/SVR_GoodTime_Cordon/Materials/Stone_Wall_vddjdfm/T_StoneWall_vddjdfm_1K_ORDp.uasset" 83
"C:/PAVLOV/WOOD/PavlovVR-ModKit/Plugins/UGC3701583/Content/SVR_GoodTime_Cordon/Materials/Stone_Wall_vddjdfm/T_StoneWall_vddjdfm_1K_ORDp.uexp" 84
"C:/PAVLOV/WOOD/PavlovVR-ModKit/Plugins/UGC3701583/Content/SVR_GoodTime_Cordon/Materials/Stone_Wall_vddjdfm/T_Stone_Wall_vddjdfm_1K_N.ubulk" 85
"C:/PAVLOV/WOOD/PavlovVR-ModKit/Plugins/UGC3701583/Content/SVR_GoodTime_Cordon/Materials/Stone_Wall_vddjdfm/T_Stone_Wall_vddjdfm_1K_N.uasset" 86
"C:/PAVLOV/WOOD/PavlovVR-ModKit/Plugins/UGC3701583/Content/SVR_GoodTime_Cordon/Materials/Stone_Wall_vddjdfm/T_Stone_Wall_vddjdfm_1K_N.uexp" 87
"C:/PAVLOV/WOOD/PavlovVR-ModKit/Plugins/UGC3701583/Content/SVR_GoodTime_Cordon/Materials/Stone_Wall_vddjdfm/MI_Stone_Wall_vddjdfm_1K.uasset" 88
"C:/PAVLOV/WOOD/PavlovVR-ModKit/Plugins/UGC3701583/Content/SVR_GoodTime_Cordon/Materials/Stone_Wall_vddjdfm/MI_Stone_Wall_vddjdfm_1K.uexp" 89
"C:/PAVLOV/WOOD/PavlovVR-ModKit/Plugins/UGC3701583/Content/SVR_GoodTime_Cordon/Materials/Mossy_Ground_xiboab2r/T_Mossy_Ground_xiboab2r_1K_N.ubulk" 90
"C:/PAVLOV/WOOD/PavlovVR-ModKit/Plugins/UGC3701583/Content/SVR_GoodTime_Cordon/Materials/Mossy_Ground_xiboab2r/T_Mossy_Ground_xiboab2r_1K_N.uasset" 91
"C:/PAVLOV/WOOD/PavlovVR-ModKit/Plugins/UGC3701583/Content/SVR_GoodTime_Cordon/Materials/Mossy_Ground_xiboab2r/T_Mossy_Ground_xiboab2r_1K_N.uexp" 92
"C:/PAVLOV/WOOD/PavlovVR-ModKit/Plugins/UGC3701583/Content/SVR_GoodTime_Cordon/Materials/Mossy_Ground_xiboab2r/T_MossyGround_xiboab2r_1K_ORDp.ubulk" 93
"C:/PAVLOV/WOOD/PavlovVR-ModKit/Plugins/UGC3701583/Content/SVR_GoodTime_Cordon/Materials/Mossy_Ground_xiboab2r/T_MossyGround_xiboab2r_1K_ORDp.uasset" 94
"C:/PAVLOV/WOOD/PavlovVR-ModKit/Plugins/UGC3701583/Content/SVR_GoodTime_Cordon/Materials/Mossy_Ground_xiboab2r/T_MossyGround_xiboab2r_1K_ORDp.uexp" 95
"C:/PAVLOV/WOOD/PavlovVR-ModKit/Plugins/UGC3701583/Content/SVR_GoodTime_Cordon/Materials/Mossy_Ground_xiboab2r/T_Mossy_Ground_xiboab2r_1K_D.ubulk" 96
"C:/PAVLOV/WOOD/PavlovVR-ModKit/Plugins/UGC3701583/Content/SVR_GoodTime_Cordon/Materials/Mossy_Ground_xiboab2r/T_Mossy_Ground_xiboab2r_1K_D.uasset" 97
"C:/PAVLOV/WOOD/PavlovVR-ModKit/Plugins/UGC3701583/Content/SVR_GoodTime_Cordon/Materials/Mossy_Ground_xiboab2r/T_Mossy_Ground_xiboab2r_1K_D.uexp" 98
"C:/PAVLOV/WOOD/PavlovVR-ModKit/Plugins/UGC3701583/Content/SVR_GoodTime_Cordon/Materials/Grnd_lasdscape/Mossy_Ground_xiboab2r/MI_Mossy_Ground_xiboab2r_1K.uasset" 99
"C:/PAVLOV/WOOD/PavlovVR-ModKit/Plugins/UGC3701583/Content/SVR_GoodTime_Cordon/Materials/Grnd_lasdscape/Mossy_Ground_xiboab2r/MI_Mossy_Ground_xiboab2r_1K.uexp" 100
"C:/PAVLOV/WOOD/PavlovVR-ModKit/Plugins/UGC3701583/Content/SVR_GoodTime_Cordon/Materials/Mossy_Ground_xiboab2r/MI_Mossy_Ground_xiboab2r_1K.uasset" 101
"C:/PAVLOV/WOOD/PavlovVR-ModKit/Plugins/UGC3701583/Content/SVR_GoodTime_Cordon/Materials/Mossy_Ground_xiboab2r/MI_Mossy_Ground_xiboab2r_1K.uexp" 102
"C:/PAVLOV/WOOD/PavlovVR-ModKit/Plugins/UGC3701583/Content/SVR_GoodTime_Cordon/Materials/Gravel_Ground_xdusfjy/T_Gravel_Ground_xdusfjy_1K_D.ubulk" 103
"C:/PAVLOV/WOOD/PavlovVR-ModKit/Plugins/UGC3701583/Content/SVR_GoodTime_Cordon/Materials/Gravel_Ground_xdusfjy/T_Gravel_Ground_xdusfjy_1K_D.uasset" 104
"C:/PAVLOV/WOOD/PavlovVR-ModKit/Plugins/UGC3701583/Content/SVR_GoodTime_Cordon/Materials/Gravel_Ground_xdusfjy/T_Gravel_Ground_xdusfjy_1K_D.uexp" 105
"C:/PAVLOV/WOOD/PavlovVR-ModKit/Plugins/UGC3701583/Content/SVR_GoodTime_Cordon/Materials/Gravel_Ground_xdusfjy/T_Gravel_Ground_xdusfjy_1K_N.ubulk" 106
"C:/PAVLOV/WOOD/PavlovVR-ModKit/Plugins/UGC3701583/Content/SVR_GoodTime_Cordon/Materials/Gravel_Ground_xdusfjy/T_Gravel_Ground_xdusfjy_1K_N.uasset" 107
"C:/PAVLOV/WOOD/PavlovVR-ModKit/Plugins/UGC3701583/Content/SVR_GoodTime_Cordon/Materials/Gravel_Ground_xdusfjy/T_Gravel_Ground_xdusfjy_1K_N.uexp" 108
"C:/PAVLOV/WOOD/PavlovVR-ModKit/Plugins/UGC3701583/Content/SVR_GoodTime_Cordon/Materials/Grnd_lasdscape/Gravel_Ground_xdusfjy/MI_Gravel_Ground_xdusfjy_1K.uasset" 109
"C:/PAVLOV/WOOD/PavlovVR-ModKit/Plugins/UGC3701583/Content/SVR_GoodTime_Cordon/Materials/Grnd_lasdscape/Gravel_Ground_xdusfjy/MI_Gravel_Ground_xdusfjy_1K.uexp" 110
"C:/PAVLOV/WOOD/PavlovVR-ModKit/Plugins/UGC3701583/Content/SVR_GoodTime_Cordon/Materials/Gravel_Ground_xdusfjy/MI_Gravel_Ground_xdusfjy_1K.uasset" 111
"C:/PAVLOV/WOOD/PavlovVR-ModKit/Plugins/UGC3701583/Content/SVR_GoodTime_Cordon/Materials/Gravel_Ground_xdusfjy/MI_Gravel_Ground_xdusfjy_1K.uexp" 112
"C:/PAVLOV/WOOD/PavlovVR-ModKit/Plugins/UGC3701583/Content/SVR_GoodTime_Cordon/Materials/Mossy_Ground_vl1lfb3fw/T_MossyGround_vl1lfb3fw_1K_ORDp.ubulk" 113
"C:/PAVLOV/WOOD/PavlovVR-ModKit/Plugins/UGC3701583/Content/SVR_GoodTime_Cordon/Materials/Mossy_Ground_vl1lfb3fw/T_MossyGround_vl1lfb3fw_1K_ORDp.uasset" 114
"C:/PAVLOV/WOOD/PavlovVR-ModKit/Plugins/UGC3701583/Content/SVR_GoodTime_Cordon/Materials/Mossy_Ground_vl1lfb3fw/T_MossyGround_vl1lfb3fw_1K_ORDp.uexp" 115
"C:/PAVLOV/WOOD/PavlovVR-ModKit/Plugins/UGC3701583/Content/SVR_GoodTime_Cordon/Materials/Mossy_Ground_vl1lfb3fw/T_Mossy_Ground_vl1lfb3fw_1K_N.ubulk" 116
"C:/PAVLOV/WOOD/PavlovVR-ModKit/Plugins/UGC3701583/Content/SVR_GoodTime_Cordon/Materials/Mossy_Ground_vl1lfb3fw/T_Mossy_Ground_vl1lfb3fw_1K_N.uasset" 117
"C:/PAVLOV/WOOD/PavlovVR-ModKit/Plugins/UGC3701583/Content/SVR_GoodTime_Cordon/Materials/Mossy_Ground_vl1lfb3fw/T_Mossy_Ground_vl1lfb3fw_1K_N.uexp" 118
"C:/PAVLOV/WOOD/PavlovVR-ModKit/Plugins/UGC3701583/Content/SVR_GoodTime_Cordon/Materials/Mossy_Ground_vl1lfb3fw/T_Mossy_Ground_vl1lfb3fw_1K_D.ubulk" 119
"C:/PAVLOV/WOOD/PavlovVR-ModKit/Plugins/UGC3701583/Content/SVR_GoodTime_Cordon/Materials/Mossy_Ground_vl1lfb3fw/T_Mossy_Ground_vl1lfb3fw_1K_D.uasset" 120
"C:/PAVLOV/WOOD/PavlovVR-ModKit/Plugins/UGC3701583/Content/SVR_GoodTime_Cordon/Materials/Mossy_Ground_vl1lfb3fw/T_Mossy_Ground_vl1lfb3fw_1K_D.uexp" 121
"C:/PAVLOV/WOOD/PavlovVR-ModKit/Plugins/UGC3701583/Content/SVR_GoodTime_Cordon/Materials/Mossy_Ground_vl1lfb3fw/MI_Mossy_Ground_vl1lfb3fw_1K.uasset" 122
"C:/PAVLOV/WOOD/PavlovVR-ModKit/Plugins/UGC3701583/Content/SVR_GoodTime_Cordon/Materials/Mossy_Ground_vl1lfb3fw/MI_Mossy_Ground_vl1lfb3fw_1K.uexp" 123
"C:/PAVLOV/WOOD/PavlovVR-ModKit/Plugins/UGC3701583/Content/SVR_GoodTime_Cordon/Textures/trees_sosna.ubulk" 124
"C:/PAVLOV/WOOD/PavlovVR-ModKit/Plugins/UGC3701583/Content/SVR_GoodTime_Cordon/Textures/trees_sosna.uasset" 125
"C:/PAVLOV/WOOD/PavlovVR-ModKit/Plugins/UGC3701583/Content/SVR_GoodTime_Cordon/Textures/trees_sosna.uexp" 126
"C:/PAVLOV/WOOD/PavlovVR-ModKit/Plugins/UGC3701583/Content/SVR_GoodTime_Cordon/Materials/Tree_sosna.uasset" 127
"C:/PAVLOV/WOOD/PavlovVR-ModKit/Plugins/UGC3701583/Content/SVR_GoodTime_Cordon/Materials/Tree_sosna.uexp" 128
"C:/PAVLOV/WOOD/PavlovVR-ModKit/Plugins/UGC3701583/Content/SVR_GoodTime_Cordon/Materials/NewMaterial.uasset" 129
"C:/PAVLOV/WOOD/PavlovVR-ModKit/Plugins/UGC3701583/Content/SVR_GoodTime_Cordon/Materials/NewMaterial.uexp" 130
"C:/PAVLOV/WOOD/PavlovVR-ModKit/Plugins/UGC3701583/Content/SVR_GoodTime_Cordon/Materials/NewMaterial_Inst.uasset" 131
"C:/PAVLOV/WOOD/PavlovVR-ModKit/Plugins/UGC3701583/Content/SVR_GoodTime_Cordon/Materials/NewMaterial_Inst.uexp" 132
"C:/PAVLOV/WOOD/PavlovVR-ModKit/Plugins/UGC3701583/Content/SVR_GoodTime_Cordon/Textures/ston_beton_ch_15.ubulk" 133
"C:/PAVLOV/WOOD/PavlovVR-ModKit/Plugins/UGC3701583/Content/SVR_GoodTime_Cordon/Textures/ston_beton_ch_15.uasset" 134
"C:/PAVLOV/WOOD/PavlovVR-ModKit/Plugins/UGC3701583/Content/SVR_GoodTime_Cordon/Textures/ston_beton_ch_15.uexp" 135
"C:/PAVLOV/WOOD/PavlovVR-ModKit/Plugins/UGC3701583/Content/SVR_GoodTime_Cordon/Materials/Trash.uasset" 136
"C:/PAVLOV/WOOD/PavlovVR-ModKit/Plugins/UGC3701583/Content/SVR_GoodTime_Cordon/Materials/Trash.uexp" 137
"C:/PAVLOV/WOOD/PavlovVR-ModKit/Plugins/UGC3701583/Content/SVR_GoodTime_Cordon/Textures/sign_bioh.ubulk" 138
"C:/PAVLOV/WOOD/PavlovVR-ModKit/Plugins/UGC3701583/Content/SVR_GoodTime_Cordon/Textures/sign_bioh.uasset" 139
"C:/PAVLOV/WOOD/PavlovVR-ModKit/Plugins/UGC3701583/Content/SVR_GoodTime_Cordon/Textures/sign_bioh.uexp" 140
"C:/PAVLOV/WOOD/PavlovVR-ModKit/Plugins/UGC3701583/Content/SVR_GoodTime_Cordon/Materials/RadiationSign3.uasset" 141
"C:/PAVLOV/WOOD/PavlovVR-ModKit/Plugins/UGC3701583/Content/SVR_GoodTime_Cordon/Materials/RadiationSign3.uexp" 142
"C:/PAVLOV/WOOD/PavlovVR-ModKit/Plugins/UGC3701583/Content/SVR_GoodTime_Cordon/Textures/prop_vagon_iov_d.ubulk" 143
"C:/PAVLOV/WOOD/PavlovVR-ModKit/Plugins/UGC3701583/Content/SVR_GoodTime_Cordon/Textures/prop_vagon_iov_d.uasset" 144
"C:/PAVLOV/WOOD/PavlovVR-ModKit/Plugins/UGC3701583/Content/SVR_GoodTime_Cordon/Textures/prop_vagon_iov_d.uexp" 145
"C:/PAVLOV/WOOD/PavlovVR-ModKit/Plugins/UGC3701583/Content/SVR_GoodTime_Cordon/Materials/Prop_vagon_iov_d.uasset" 146
"C:/PAVLOV/WOOD/PavlovVR-ModKit/Plugins/UGC3701583/Content/SVR_GoodTime_Cordon/Materials/Prop_vagon_iov_d.uexp" 147
"C:/PAVLOV/WOOD/PavlovVR-ModKit/Plugins/UGC3701583/Content/SVR_GoodTime_Cordon/Textures/grnd_zemlya.ubulk" 148
"C:/PAVLOV/WOOD/PavlovVR-ModKit/Plugins/UGC3701583/Content/SVR_GoodTime_Cordon/Textures/grnd_zemlya.uasset" 149
"C:/PAVLOV/WOOD/PavlovVR-ModKit/Plugins/UGC3701583/Content/SVR_GoodTime_Cordon/Textures/grnd_zemlya.uexp" 150
"C:/PAVLOV/WOOD/PavlovVR-ModKit/Plugins/UGC3701583/Content/SVR_GoodTime_Cordon/Materials/Grnd_grass1.uasset" 151
"C:/PAVLOV/WOOD/PavlovVR-ModKit/Plugins/UGC3701583/Content/SVR_GoodTime_Cordon/Materials/Grnd_grass1.uexp" 152
"C:/PAVLOV/WOOD/PavlovVR-ModKit/Plugins/UGC3701583/Content/SVR_GoodTime_Cordon/Textures/grnd_j_asfalt_04a.ubulk" 153
"C:/PAVLOV/WOOD/PavlovVR-ModKit/Plugins/UGC3701583/Content/SVR_GoodTime_Cordon/Textures/grnd_j_asfalt_04a.uasset" 154
"C:/PAVLOV/WOOD/PavlovVR-ModKit/Plugins/UGC3701583/Content/SVR_GoodTime_Cordon/Textures/grnd_j_asfalt_04a.uexp" 155
"C:/PAVLOV/WOOD/PavlovVR-ModKit/Plugins/UGC3701583/Content/SVR_GoodTime_Cordon/Materials/Grnd_j_asfalt_04a.uasset" 156
"C:/PAVLOV/WOOD/PavlovVR-ModKit/Plugins/UGC3701583/Content/SVR_GoodTime_Cordon/Materials/Grnd_j_asfalt_04a.uexp" 157
"C:/PAVLOV/WOOD/PavlovVR-ModKit/Plugins/UGC3701583/Content/SVR_GoodTime_Cordon/Textures/grnd_dirt2.ubulk" 158
"C:/PAVLOV/WOOD/PavlovVR-ModKit/Plugins/UGC3701583/Content/SVR_GoodTime_Cordon/Textures/grnd_dirt2.uasset" 159
"C:/PAVLOV/WOOD/PavlovVR-ModKit/Plugins/UGC3701583/Content/SVR_GoodTime_Cordon/Textures/grnd_dirt2.uexp" 160
"C:/PAVLOV/WOOD/PavlovVR-ModKit/Plugins/UGC3701583/Content/SVR_GoodTime_Cordon/Materials/Grnd_dirt2.uasset" 161
"C:/PAVLOV/WOOD/PavlovVR-ModKit/Plugins/UGC3701583/Content/SVR_GoodTime_Cordon/Materials/Grnd_dirt2.uexp" 162
"C:/PAVLOV/WOOD/PavlovVR-ModKit/Plugins/UGC3701583/Content/SVR_GoodTime_Cordon/Textures/veh_vagoni_cpm.ubulk" 163
"C:/PAVLOV/WOOD/PavlovVR-ModKit/Plugins/UGC3701583/Content/SVR_GoodTime_Cordon/Textures/veh_vagoni_cpm.uasset" 164
"C:/PAVLOV/WOOD/PavlovVR-ModKit/Plugins/UGC3701583/Content/SVR_GoodTime_Cordon/Textures/veh_vagoni_cpm.uexp" 165
"C:/PAVLOV/WOOD/PavlovVR-ModKit/Plugins/UGC3701583/Content/SVR_GoodTime_Cordon/Materials/Veh_vagoni_cpm.uasset" 166
"C:/PAVLOV/WOOD/PavlovVR-ModKit/Plugins/UGC3701583/Content/SVR_GoodTime_Cordon/Materials/Veh_vagoni_cpm.uexp" 167
"C:/PAVLOV/WOOD/PavlovVR-ModKit/Plugins/UGC3701583/Content/SVR_GoodTime_Cordon/Models/Vagoni.uasset" 168
"C:/PAVLOV/WOOD/PavlovVR-ModKit/Plugins/UGC3701583/Content/SVR_GoodTime_Cordon/Models/Vagoni.uexp" 169
"C:/PAVLOV/WOOD/PavlovVR-ModKit/Plugins/UGC3701583/Content/SVR_GoodTime_Cordon/Textures/trees_elkabark.ubulk" 170
"C:/PAVLOV/WOOD/PavlovVR-ModKit/Plugins/UGC3701583/Content/SVR_GoodTime_Cordon/Textures/trees_elkabark.uasset" 171
"C:/PAVLOV/WOOD/PavlovVR-ModKit/Plugins/UGC3701583/Content/SVR_GoodTime_Cordon/Textures/trees_elkabark.uexp" 172
"C:/PAVLOV/WOOD/PavlovVR-ModKit/Plugins/UGC3701583/Content/SVR_GoodTime_Cordon/Models/Tree5/Elka_bark.uasset" 173
"C:/PAVLOV/WOOD/PavlovVR-ModKit/Plugins/UGC3701583/Content/SVR_GoodTime_Cordon/Models/Tree5/Elka_bark.uexp" 174
"C:/PAVLOV/WOOD/PavlovVR-ModKit/Plugins/UGC3701583/Content/SVR_GoodTime_Cordon/Textures/trees_elka_sux.ubulk" 175
"C:/PAVLOV/WOOD/PavlovVR-ModKit/Plugins/UGC3701583/Content/SVR_GoodTime_Cordon/Textures/trees_elka_sux.uasset" 176
"C:/PAVLOV/WOOD/PavlovVR-ModKit/Plugins/UGC3701583/Content/SVR_GoodTime_Cordon/Textures/trees_elka_sux.uexp" 177
"C:/PAVLOV/WOOD/PavlovVR-ModKit/Plugins/UGC3701583/Content/SVR_GoodTime_Cordon/Materials/Elka_sux.uasset" 178
"C:/PAVLOV/WOOD/PavlovVR-ModKit/Plugins/UGC3701583/Content/SVR_GoodTime_Cordon/Materials/Elka_sux.uexp" 179
"C:/PAVLOV/WOOD/PavlovVR-ModKit/Plugins/UGC3701583/Content/SVR_GoodTime_Cordon/Models/Tree5/Elka.uasset" 180
"C:/PAVLOV/WOOD/PavlovVR-ModKit/Plugins/UGC3701583/Content/SVR_GoodTime_Cordon/Models/Tree5/Elka.uexp" 181
"C:/PAVLOV/WOOD/PavlovVR-ModKit/Plugins/UGC3701583/Content/SVR_GoodTime_Cordon/Textures/trees_bark_sosna_01.ubulk" 182
"C:/PAVLOV/WOOD/PavlovVR-ModKit/Plugins/UGC3701583/Content/SVR_GoodTime_Cordon/Textures/trees_bark_sosna_01.uasset" 183
"C:/PAVLOV/WOOD/PavlovVR-ModKit/Plugins/UGC3701583/Content/SVR_GoodTime_Cordon/Textures/trees_bark_sosna_01.uexp" 184
"C:/PAVLOV/WOOD/PavlovVR-ModKit/Plugins/UGC3701583/Content/SVR_GoodTime_Cordon/Materials/Bark_sosna.uasset" 185
"C:/PAVLOV/WOOD/PavlovVR-ModKit/Plugins/UGC3701583/Content/SVR_GoodTime_Cordon/Materials/Bark_sosna.uexp" 186
"C:/PAVLOV/WOOD/PavlovVR-ModKit/Plugins/UGC3701583/Content/SVR_GoodTime_Cordon/Models/Tree5/PineTree.uasset" 187
"C:/PAVLOV/WOOD/PavlovVR-ModKit/Plugins/UGC3701583/Content/SVR_GoodTime_Cordon/Models/Tree5/PineTree.uexp" 188
"C:/PAVLOV/WOOD/PavlovVR-ModKit/Plugins/UGC3701583/Content/SVR_GoodTime_Cordon/Textures/metal.ubulk" 189
"C:/PAVLOV/WOOD/PavlovVR-ModKit/Plugins/UGC3701583/Content/SVR_GoodTime_Cordon/Textures/metal.uasset" 190
"C:/PAVLOV/WOOD/PavlovVR-ModKit/Plugins/UGC3701583/Content/SVR_GoodTime_Cordon/Textures/metal.uexp" 191
"C:/PAVLOV/WOOD/PavlovVR-ModKit/Plugins/UGC3701583/Content/SVR_GoodTime_Cordon/Materials/IMetal.uasset" 192
"C:/PAVLOV/WOOD/PavlovVR-ModKit/Plugins/UGC3701583/Content/SVR_GoodTime_Cordon/Materials/IMetal.uexp" 193
"C:/PAVLOV/WOOD/PavlovVR-ModKit/Plugins/UGC3701583/Content/SVR_GoodTime_Cordon/Models/Tree5/Door.uasset" 194
"C:/PAVLOV/WOOD/PavlovVR-ModKit/Plugins/UGC3701583/Content/SVR_GoodTime_Cordon/Models/Tree5/Door.uexp" 195
"C:/PAVLOV/WOOD/PavlovVR-ModKit/Plugins/UGC3701583/Content/SVR_GoodTime_Cordon/Blueprints/Door.uasset" 196
"C:/PAVLOV/WOOD/PavlovVR-ModKit/Plugins/UGC3701583/Content/SVR_GoodTime_Cordon/Blueprints/Door.uexp" 197
"C:/PAVLOV/WOOD/PavlovVR-ModKit/Plugins/UGC3701583/Content/SVR_GoodTime_Cordon/Textures/sign_rad.ubulk" 198
"C:/PAVLOV/WOOD/PavlovVR-ModKit/Plugins/UGC3701583/Content/SVR_GoodTime_Cordon/Textures/sign_rad.uasset" 199
"C:/PAVLOV/WOOD/PavlovVR-ModKit/Plugins/UGC3701583/Content/SVR_GoodTime_Cordon/Textures/sign_rad.uexp" 200
"C:/PAVLOV/WOOD/PavlovVR-ModKit/Plugins/UGC3701583/Content/SVR_GoodTime_Cordon/Materials/RadiationSign.uasset" 201
"C:/PAVLOV/WOOD/PavlovVR-ModKit/Plugins/UGC3701583/Content/SVR_GoodTime_Cordon/Materials/RadiationSign.uexp" 202
"C:/PAVLOV/WOOD/PavlovVR-ModKit/Plugins/UGC3701583/Content/SVR_GoodTime_Cordon/Models/Merged/SM_MERGED_Radiation-sign2_938.uasset" 203
"C:/PAVLOV/WOOD/PavlovVR-ModKit/Plugins/UGC3701583/Content/SVR_GoodTime_Cordon/Models/Merged/SM_MERGED_Radiation-sign2_938.uexp" 204
"C:/PAVLOV/WOOD/PavlovVR-ModKit/Plugins/UGC3701583/Content/SVR_GoodTime_Cordon/Models/Supply/Radiation-sign.uasset" 205
"C:/PAVLOV/WOOD/PavlovVR-ModKit/Plugins/UGC3701583/Content/SVR_GoodTime_Cordon/Models/Supply/Radiation-sign.uexp" 206
"C:/PAVLOV/WOOD/PavlovVR-ModKit/Plugins/UGC3701583/Content/SVR_GoodTime_Cordon/Textures/png-transparent-cloud-fog-white-desktop-mist-cloud-white-atmosphere-cloud-thumbnail.uasset" 207
"C:/PAVLOV/WOOD/PavlovVR-ModKit/Plugins/UGC3701583/Content/SVR_GoodTime_Cordon/Textures/png-transparent-cloud-fog-white-desktop-mist-cloud-white-atmosphere-cloud-thumbnail.uexp" 208
"C:/PAVLOV/WOOD/PavlovVR-ModKit/Plugins/UGC3701583/Content/SVR_GoodTime_Cordon/Materials/SnowGround.uasset" 209
"C:/PAVLOV/WOOD/PavlovVR-ModKit/Plugins/UGC3701583/Content/SVR_GoodTime_Cordon/Materials/SnowGround.uexp" 210
"C:/PAVLOV/WOOD/PavlovVR-ModKit/Plugins/UGC3701583/Content/SVR_GoodTime_Cordon/Materials/Fogg.uasset" 211
"C:/PAVLOV/WOOD/PavlovVR-ModKit/Plugins/UGC3701583/Content/SVR_GoodTime_Cordon/Materials/Fogg.uexp" 212
"C:/PAVLOV/WOOD/PavlovVR-ModKit/Plugins/UGC3701583/Content/SVR_GoodTime_Cordon/Blueprints/StalkFog.uasset" 213
"C:/PAVLOV/WOOD/PavlovVR-ModKit/Plugins/UGC3701583/Content/SVR_GoodTime_Cordon/Blueprints/StalkFog.uexp" 214
"C:/PAVLOV/WOOD/PavlovVR-ModKit/Plugins/UGC3701583/Content/SVR_GoodTime_Cordon/Blueprints/My_PlayerProxyExample.uasset" 215
"C:/PAVLOV/WOOD/PavlovVR-ModKit/Plugins/UGC3701583/Content/SVR_GoodTime_Cordon/Blueprints/My_PlayerProxyExample.uexp" 216
"C:/PAVLOV/WOOD/PavlovVR-ModKit/Plugins/UGC3701583/Content/SVR_GoodTime_Cordon/Textures/veh_ekskavator.ubulk" 217
"C:/PAVLOV/WOOD/PavlovVR-ModKit/Plugins/UGC3701583/Content/SVR_GoodTime_Cordon/Textures/veh_ekskavator.uasset" 218
"C:/PAVLOV/WOOD/PavlovVR-ModKit/Plugins/UGC3701583/Content/SVR_GoodTime_Cordon/Textures/veh_ekskavator.uexp" 219
"C:/PAVLOV/WOOD/PavlovVR-ModKit/Plugins/UGC3701583/Content/SVR_GoodTime_Cordon/Materials/Veh_ekskavator.uasset" 220
"C:/PAVLOV/WOOD/PavlovVR-ModKit/Plugins/UGC3701583/Content/SVR_GoodTime_Cordon/Materials/Veh_ekskavator.uexp" 221
"C:/PAVLOV/WOOD/PavlovVR-ModKit/Plugins/UGC3701583/Content/SVR_GoodTime_Cordon/Textures/veh_vagon1_01.ubulk" 222
"C:/PAVLOV/WOOD/PavlovVR-ModKit/Plugins/UGC3701583/Content/SVR_GoodTime_Cordon/Textures/veh_vagon1_01.uasset" 223
"C:/PAVLOV/WOOD/PavlovVR-ModKit/Plugins/UGC3701583/Content/SVR_GoodTime_Cordon/Textures/veh_vagon1_01.uexp" 224
"C:/PAVLOV/WOOD/PavlovVR-ModKit/Plugins/UGC3701583/Content/SVR_GoodTime_Cordon/Materials/Veh_vagon1_01.uasset" 225
"C:/PAVLOV/WOOD/PavlovVR-ModKit/Plugins/UGC3701583/Content/SVR_GoodTime_Cordon/Materials/Veh_vagon1_01.uexp" 226
"C:/PAVLOV/WOOD/PavlovVR-ModKit/Plugins/UGC3701583/Content/SVR_GoodTime_Cordon/Textures/veh_ekskavator_kovsh.ubulk" 227
"C:/PAVLOV/WOOD/PavlovVR-ModKit/Plugins/UGC3701583/Content/SVR_GoodTime_Cordon/Textures/veh_ekskavator_kovsh.uasset" 228
"C:/PAVLOV/WOOD/PavlovVR-ModKit/Plugins/UGC3701583/Content/SVR_GoodTime_Cordon/Textures/veh_ekskavator_kovsh.uexp" 229
"C:/PAVLOV/WOOD/PavlovVR-ModKit/Plugins/UGC3701583/Content/SVR_GoodTime_Cordon/Materials/Veh_ekskavator_kovsh.uasset" 230
"C:/PAVLOV/WOOD/PavlovVR-ModKit/Plugins/UGC3701583/Content/SVR_GoodTime_Cordon/Materials/Veh_ekskavator_kovsh.uexp" 231
"C:/PAVLOV/WOOD/PavlovVR-ModKit/Plugins/UGC3701583/Content/SVR_GoodTime_Cordon/Models/Merged/SM_MERGED_Tractor_11.uasset" 232
"C:/PAVLOV/WOOD/PavlovVR-ModKit/Plugins/UGC3701583/Content/SVR_GoodTime_Cordon/Models/Merged/SM_MERGED_Tractor_11.uexp" 233
"C:/PAVLOV/WOOD/PavlovVR-ModKit/Plugins/UGC3701583/Content/SVR_GoodTime_Cordon/Textures/ston_briks_ch_iov.ubulk" 234
"C:/PAVLOV/WOOD/PavlovVR-ModKit/Plugins/UGC3701583/Content/SVR_GoodTime_Cordon/Textures/ston_briks_ch_iov.uasset" 235
"C:/PAVLOV/WOOD/PavlovVR-ModKit/Plugins/UGC3701583/Content/SVR_GoodTime_Cordon/Textures/ston_briks_ch_iov.uexp" 236
"C:/PAVLOV/WOOD/PavlovVR-ModKit/Plugins/UGC3701583/Content/SVR_GoodTime_Cordon/Materials/Ston_briks_ch_iov.uasset" 237
"C:/PAVLOV/WOOD/PavlovVR-ModKit/Plugins/UGC3701583/Content/SVR_GoodTime_Cordon/Materials/Ston_briks_ch_iov.uexp" 238
"C:/PAVLOV/WOOD/PavlovVR-ModKit/Plugins/UGC3701583/Content/SVR_GoodTime_Cordon/Textures/wood.ubulk" 239
"C:/PAVLOV/WOOD/PavlovVR-ModKit/Plugins/UGC3701583/Content/SVR_GoodTime_Cordon/Textures/wood.uasset" 240
"C:/PAVLOV/WOOD/PavlovVR-ModKit/Plugins/UGC3701583/Content/SVR_GoodTime_Cordon/Textures/wood.uexp" 241
"C:/PAVLOV/WOOD/PavlovVR-ModKit/Plugins/UGC3701583/Content/SVR_GoodTime_Cordon/Materials/IWood.uasset" 242
"C:/PAVLOV/WOOD/PavlovVR-ModKit/Plugins/UGC3701583/Content/SVR_GoodTime_Cordon/Materials/IWood.uexp" 243
"C:/PAVLOV/WOOD/PavlovVR-ModKit/Plugins/UGC3701583/Content/SVR_GoodTime_Cordon/Models/Merged/MERGED_Fireplaces.uasset" 244
"C:/PAVLOV/WOOD/PavlovVR-ModKit/Plugins/UGC3701583/Content/SVR_GoodTime_Cordon/Models/Merged/MERGED_Fireplaces.uexp" 245
"C:/PAVLOV/WOOD/PavlovVR-ModKit/Plugins/UGC3701583/Content/SVR_GoodTime_Cordon/Textures/veh_bochka_pricep.ubulk" 246
"C:/PAVLOV/WOOD/PavlovVR-ModKit/Plugins/UGC3701583/Content/SVR_GoodTime_Cordon/Textures/veh_bochka_pricep.uasset" 247
"C:/PAVLOV/WOOD/PavlovVR-ModKit/Plugins/UGC3701583/Content/SVR_GoodTime_Cordon/Textures/veh_bochka_pricep.uexp" 248
"C:/PAVLOV/WOOD/PavlovVR-ModKit/Plugins/UGC3701583/Content/SVR_GoodTime_Cordon/Materials/Veh_bochka_pricep.uasset" 249
"C:/PAVLOV/WOOD/PavlovVR-ModKit/Plugins/UGC3701583/Content/SVR_GoodTime_Cordon/Materials/Veh_bochka_pricep.uexp" 250
"C:/PAVLOV/WOOD/PavlovVR-ModKit/Plugins/UGC3701583/Content/SVR_GoodTime_Cordon/Textures/veh_molokovoz.ubulk" 251
"C:/PAVLOV/WOOD/PavlovVR-ModKit/Plugins/UGC3701583/Content/SVR_GoodTime_Cordon/Textures/veh_molokovoz.uasset" 252
"C:/PAVLOV/WOOD/PavlovVR-ModKit/Plugins/UGC3701583/Content/SVR_GoodTime_Cordon/Textures/veh_molokovoz.uexp" 253
"C:/PAVLOV/WOOD/PavlovVR-ModKit/Plugins/UGC3701583/Content/SVR_GoodTime_Cordon/Materials/Veh_molokovoz.uasset" 254
"C:/PAVLOV/WOOD/PavlovVR-ModKit/Plugins/UGC3701583/Content/SVR_GoodTime_Cordon/Materials/Veh_molokovoz.uexp" 255
"C:/PAVLOV/WOOD/PavlovVR-ModKit/Plugins/UGC3701583/Content/SVR_GoodTime_Cordon/Textures/veh_lada_br.ubulk" 256
"C:/PAVLOV/WOOD/PavlovVR-ModKit/Plugins/UGC3701583/Content/SVR_GoodTime_Cordon/Textures/veh_lada_br.uasset" 257
"C:/PAVLOV/WOOD/PavlovVR-ModKit/Plugins/UGC3701583/Content/SVR_GoodTime_Cordon/Textures/veh_lada_br.uexp" 258
"C:/PAVLOV/WOOD/PavlovVR-ModKit/Plugins/UGC3701583/Content/SVR_GoodTime_Cordon/Materials/Veh_lada_br.uasset" 259
"C:/PAVLOV/WOOD/PavlovVR-ModKit/Plugins/UGC3701583/Content/SVR_GoodTime_Cordon/Materials/Veh_lada_br.uexp" 260
"C:/PAVLOV/WOOD/PavlovVR-ModKit/Plugins/UGC3701583/Content/SVR_GoodTime_Cordon/Models/Merged/Base2.uasset" 261
"C:/PAVLOV/WOOD/PavlovVR-ModKit/Plugins/UGC3701583/Content/SVR_GoodTime_Cordon/Models/Merged/Base2.uexp" 262
"C:/PAVLOV/WOOD/PavlovVR-ModKit/Plugins/UGC3701583/Content/SVR_GoodTime_Cordon/Models/Vagon1.uasset" 263
"C:/PAVLOV/WOOD/PavlovVR-ModKit/Plugins/UGC3701583/Content/SVR_GoodTime_Cordon/Models/Vagon1.uexp" 264
"C:/PAVLOV/WOOD/PavlovVR-ModKit/Plugins/UGC3701583/Content/SVR_GoodTime_Cordon/Textures/Bush2Lod.ubulk" 265
"C:/PAVLOV/WOOD/PavlovVR-ModKit/Plugins/UGC3701583/Content/SVR_GoodTime_Cordon/Textures/Bush2Lod.uasset" 266
"C:/PAVLOV/WOOD/PavlovVR-ModKit/Plugins/UGC3701583/Content/SVR_GoodTime_Cordon/Textures/Bush2Lod.uexp" 267
"C:/PAVLOV/WOOD/PavlovVR-ModKit/Plugins/UGC3701583/Content/SVR_GoodTime_Cordon/Materials/Bush1Lod.uasset" 268
"C:/PAVLOV/WOOD/PavlovVR-ModKit/Plugins/UGC3701583/Content/SVR_GoodTime_Cordon/Materials/Bush1Lod.uexp" 269
"C:/PAVLOV/WOOD/PavlovVR-ModKit/Plugins/UGC3701583/Content/SVR_GoodTime_Cordon/Textures/tree-leaves-texture-png-1-Transparent-Images.ubulk" 270
"C:/PAVLOV/WOOD/PavlovVR-ModKit/Plugins/UGC3701583/Content/SVR_GoodTime_Cordon/Textures/tree-leaves-texture-png-1-Transparent-Images.uasset" 271
"C:/PAVLOV/WOOD/PavlovVR-ModKit/Plugins/UGC3701583/Content/SVR_GoodTime_Cordon/Textures/tree-leaves-texture-png-1-Transparent-Images.uexp" 272
"C:/PAVLOV/WOOD/PavlovVR-ModKit/Plugins/UGC3701583/Content/SVR_GoodTime_Cordon/Materials/Bush.uasset" 273
"C:/PAVLOV/WOOD/PavlovVR-ModKit/Plugins/UGC3701583/Content/SVR_GoodTime_Cordon/Materials/Bush.uexp" 274
"C:/PAVLOV/WOOD/PavlovVR-ModKit/Plugins/UGC3701583/Content/SVR_GoodTime_Cordon/Models/Bush/BushTree.uasset" 275
"C:/PAVLOV/WOOD/PavlovVR-ModKit/Plugins/UGC3701583/Content/SVR_GoodTime_Cordon/Models/Bush/BushTree.uexp" 276
"C:/PAVLOV/WOOD/PavlovVR-ModKit/Plugins/UGC3701583/Content/SVR_GoodTime_Cordon/Models/Bush/BushBig.uasset" 277
"C:/PAVLOV/WOOD/PavlovVR-ModKit/Plugins/UGC3701583/Content/SVR_GoodTime_Cordon/Models/Bush/BushBig.uexp" 278
"C:/PAVLOV/WOOD/PavlovVR-ModKit/Plugins/UGC3701583/Content/SVR_GoodTime_Cordon/Sounds/650f9f918d849ea.ubulk" 279
"C:/PAVLOV/WOOD/PavlovVR-ModKit/Plugins/UGC3701583/Content/SVR_GoodTime_Cordon/Sounds/650f9f918d849ea.uasset" 280
"C:/PAVLOV/WOOD/PavlovVR-ModKit/Plugins/UGC3701583/Content/SVR_GoodTime_Cordon/Sounds/650f9f918d849ea.uexp" 281
"C:/PAVLOV/WOOD/PavlovVR-ModKit/Plugins/UGC3701583/Content/SVR_GoodTime_Cordon/Blueprints/Noise.uasset" 282
"C:/PAVLOV/WOOD/PavlovVR-ModKit/Plugins/UGC3701583/Content/SVR_GoodTime_Cordon/Blueprints/Noise.uexp" 283
"C:/PAVLOV/WOOD/PavlovVR-ModKit/Plugins/UGC3701583/Content/SVR_GoodTime_Cordon/Blueprints/BushNoise.uasset" 284
"C:/PAVLOV/WOOD/PavlovVR-ModKit/Plugins/UGC3701583/Content/SVR_GoodTime_Cordon/Blueprints/BushNoise.uexp" 285
"C:/PAVLOV/WOOD/PavlovVR-ModKit/Plugins/UGC3701583/Content/SVR_GoodTime_Cordon/Models/Builder/House8.uasset" 286
"C:/PAVLOV/WOOD/PavlovVR-ModKit/Plugins/UGC3701583/Content/SVR_GoodTime_Cordon/Models/Builder/House8.uexp" 287
"C:/PAVLOV/WOOD/PavlovVR-ModKit/Plugins/UGC3701583/Content/SVR_GoodTime_Cordon/Materials/StalkerSky.uasset" 288
"C:/PAVLOV/WOOD/PavlovVR-ModKit/Plugins/UGC3701583/Content/SVR_GoodTime_Cordon/Materials/StalkerSky.uexp" 289
"C:/PAVLOV/WOOD/PavlovVR-ModKit/Plugins/UGC3701583/Content/SVR_GoodTime_Cordon/Textures/ston_stripes_iov.ubulk" 290
"C:/PAVLOV/WOOD/PavlovVR-ModKit/Plugins/UGC3701583/Content/SVR_GoodTime_Cordon/Textures/ston_stripes_iov.uasset" 291
"C:/PAVLOV/WOOD/PavlovVR-ModKit/Plugins/UGC3701583/Content/SVR_GoodTime_Cordon/Textures/ston_stripes_iov.uexp" 292
"C:/PAVLOV/WOOD/PavlovVR-ModKit/Plugins/UGC3701583/Content/SVR_GoodTime_Cordon/Materials/Ston_stripes_iov.uasset" 293
"C:/PAVLOV/WOOD/PavlovVR-ModKit/Plugins/UGC3701583/Content/SVR_GoodTime_Cordon/Materials/Ston_stripes_iov.uexp" 294
"C:/PAVLOV/WOOD/PavlovVR-ModKit/Plugins/UGC3701583/Content/SVR_GoodTime_Cordon/Models/Builder/Base45_progressive_091.uasset" 295
"C:/PAVLOV/WOOD/PavlovVR-ModKit/Plugins/UGC3701583/Content/SVR_GoodTime_Cordon/Models/Builder/Base45_progressive_091.uexp" 296
"C:/PAVLOV/WOOD/PavlovVR-ModKit/Plugins/UGC3701583/Content/SVR_GoodTime_Cordon/Textures/veh_kamaz_u_br.ubulk" 297
"C:/PAVLOV/WOOD/PavlovVR-ModKit/Plugins/UGC3701583/Content/SVR_GoodTime_Cordon/Textures/veh_kamaz_u_br.uasset" 298
"C:/PAVLOV/WOOD/PavlovVR-ModKit/Plugins/UGC3701583/Content/SVR_GoodTime_Cordon/Textures/veh_kamaz_u_br.uexp" 299
"C:/PAVLOV/WOOD/PavlovVR-ModKit/Plugins/UGC3701583/Content/SVR_GoodTime_Cordon/Materials/Veh_kamaz_u_br.uasset" 300
"C:/PAVLOV/WOOD/PavlovVR-ModKit/Plugins/UGC3701583/Content/SVR_GoodTime_Cordon/Materials/Veh_kamaz_u_br.uexp" 301
"C:/PAVLOV/WOOD/PavlovVR-ModKit/Plugins/UGC3701583/Content/SVR_GoodTime_Cordon/Cordon_BuiltData.ubulk" 302
"C:/PAVLOV/WOOD/PavlovVR-ModKit/Plugins/UGC3701583/Content/SVR_GoodTime_Cordon/Cordon_BuiltData.uasset" 303
"C:/PAVLOV/WOOD/PavlovVR-ModKit/Plugins/UGC3701583/Content/SVR_GoodTime_Cordon/Cordon_BuiltData.uexp" 304
"C:/PAVLOV/WOOD/PavlovVR-ModKit/Plugins/UGC3701583/Content/SVR_GoodTime_Cordon/Textures/door_gr_iov_01.ubulk" 305
"C:/PAVLOV/WOOD/PavlovVR-ModKit/Plugins/UGC3701583/Content/SVR_GoodTime_Cordon/Textures/door_gr_iov_01.uasset" 306
"C:/PAVLOV/WOOD/PavlovVR-ModKit/Plugins/UGC3701583/Content/SVR_GoodTime_Cordon/Textures/door_gr_iov_01.uexp" 307
"C:/PAVLOV/WOOD/PavlovVR-ModKit/Plugins/UGC3701583/Content/SVR_GoodTime_Cordon/Materials/Door2.uasset" 308
"C:/PAVLOV/WOOD/PavlovVR-ModKit/Plugins/UGC3701583/Content/SVR_GoodTime_Cordon/Materials/Door2.uexp" 309
"C:/PAVLOV/WOOD/PavlovVR-ModKit/Plugins/UGC3701583/Content/SVR_GoodTime_Cordon/Materials/Ston_beton_ch_15.uasset" 310
"C:/PAVLOV/WOOD/PavlovVR-ModKit/Plugins/UGC3701583/Content/SVR_GoodTime_Cordon/Materials/Ston_beton_ch_15.uexp" 311
"C:/PAVLOV/WOOD/PavlovVR-ModKit/Plugins/UGC3701583/Content/SVR_GoodTime_Cordon/Materials/Gravel_LayerInfo.uasset" 312
"C:/PAVLOV/WOOD/PavlovVR-ModKit/Plugins/UGC3701583/Content/SVR_GoodTime_Cordon/Materials/Gravel_LayerInfo.uexp" 313
"C:/PAVLOV/WOOD/PavlovVR-ModKit/Plugins/UGC3701583/Content/SVR_GoodTime_Cordon/Models/Builder/Base45_normal_7373.uasset" 314
"C:/PAVLOV/WOOD/PavlovVR-ModKit/Plugins/UGC3701583/Content/SVR_GoodTime_Cordon/Models/Builder/Base45_normal_7373.uexp" 315
"C:/PAVLOV/WOOD/PavlovVR-ModKit/Plugins/UGC3701583/Content/SVR_GoodTime_Cordon/Materials/Lanscape.uasset" 316
"C:/PAVLOV/WOOD/PavlovVR-ModKit/Plugins/UGC3701583/Content/SVR_GoodTime_Cordon/Materials/Lanscape.uexp" 317
"C:/PAVLOV/WOOD/PavlovVR-ModKit/Plugins/UGC3701583/Content/SVR_GoodTime_Cordon/Materials/Lanscape_Inst.uasset" 318
"C:/PAVLOV/WOOD/PavlovVR-ModKit/Plugins/UGC3701583/Content/SVR_GoodTime_Cordon/Materials/Lanscape_Inst.uexp" 319
"C:/PAVLOV/WOOD/PavlovVR-ModKit/Plugins/UGC3701583/Content/SVR_GoodTime_Cordon/Textures/prop_door9.ubulk" 320
"C:/PAVLOV/WOOD/PavlovVR-ModKit/Plugins/UGC3701583/Content/SVR_GoodTime_Cordon/Textures/prop_door9.uasset" 321
"C:/PAVLOV/WOOD/PavlovVR-ModKit/Plugins/UGC3701583/Content/SVR_GoodTime_Cordon/Textures/prop_door9.uexp" 322
"C:/PAVLOV/WOOD/PavlovVR-ModKit/Plugins/UGC3701583/Content/SVR_GoodTime_Cordon/Materials/Door9.uasset" 323
"C:/PAVLOV/WOOD/PavlovVR-ModKit/Plugins/UGC3701583/Content/SVR_GoodTime_Cordon/Materials/Door9.uexp" 324
"C:/PAVLOV/WOOD/PavlovVR-ModKit/Plugins/UGC3701583/Content/SVR_GoodTime_Cordon/Textures/veh_zil.ubulk" 325
"C:/PAVLOV/WOOD/PavlovVR-ModKit/Plugins/UGC3701583/Content/SVR_GoodTime_Cordon/Textures/veh_zil.uasset" 326
"C:/PAVLOV/WOOD/PavlovVR-ModKit/Plugins/UGC3701583/Content/SVR_GoodTime_Cordon/Textures/veh_zil.uexp" 327
"C:/PAVLOV/WOOD/PavlovVR-ModKit/Plugins/UGC3701583/Content/SVR_GoodTime_Cordon/Materials/Zil.uasset" 328
"C:/PAVLOV/WOOD/PavlovVR-ModKit/Plugins/UGC3701583/Content/SVR_GoodTime_Cordon/Materials/Zil.uexp" 329
"C:/PAVLOV/WOOD/PavlovVR-ModKit/Plugins/UGC3701583/Content/SVR_GoodTime_Cordon/Models/Merged/Base1.uasset" 330
"C:/PAVLOV/WOOD/PavlovVR-ModKit/Plugins/UGC3701583/Content/SVR_GoodTime_Cordon/Models/Merged/Base1.uexp" 331
"C:/PAVLOV/WOOD/PavlovVR-ModKit/Plugins/UGC3701583/Content/SVR_GoodTime_Cordon/Materials/Rusty_Shipping_Container_vl3iaiedy/Wall2.uasset" 332
"C:/PAVLOV/WOOD/PavlovVR-ModKit/Plugins/UGC3701583/Content/SVR_GoodTime_Cordon/Materials/Rusty_Shipping_Container_vl3iaiedy/Wall2.uexp" 333
"C:/PAVLOV/WOOD/PavlovVR-ModKit/Plugins/UGC3701583/Content/SVR_GoodTime_Cordon/Models/Builder/House69_House6.uasset" 334
"C:/PAVLOV/WOOD/PavlovVR-ModKit/Plugins/UGC3701583/Content/SVR_GoodTime_Cordon/Models/Builder/House69_House6.uexp" 335
"C:/PAVLOV/WOOD/PavlovVR-ModKit/Plugins/UGC3701583/Content/SVR_GoodTime_Cordon/Textures/tree1lod.uasset" 336
"C:/PAVLOV/WOOD/PavlovVR-ModKit/Plugins/UGC3701583/Content/SVR_GoodTime_Cordon/Textures/tree1lod.uexp" 337
"C:/PAVLOV/WOOD/PavlovVR-ModKit/Plugins/UGC3701583/Content/SVR_GoodTime_Cordon/Materials/Tree1Lod.uasset" 338
"C:/PAVLOV/WOOD/PavlovVR-ModKit/Plugins/UGC3701583/Content/SVR_GoodTime_Cordon/Materials/Tree1Lod.uexp" 339
"C:/PAVLOV/WOOD/PavlovVR-ModKit/Plugins/UGC3701583/Content/SVR_GoodTime_Cordon/Textures/trees_bark_a_02.ubulk" 340
"C:/PAVLOV/WOOD/PavlovVR-ModKit/Plugins/UGC3701583/Content/SVR_GoodTime_Cordon/Textures/trees_bark_a_02.uasset" 341
"C:/PAVLOV/WOOD/PavlovVR-ModKit/Plugins/UGC3701583/Content/SVR_GoodTime_Cordon/Textures/trees_bark_a_02.uexp" 342
"C:/PAVLOV/WOOD/PavlovVR-ModKit/Plugins/UGC3701583/Content/SVR_GoodTime_Cordon/Materials/Bark.uasset" 343
"C:/PAVLOV/WOOD/PavlovVR-ModKit/Plugins/UGC3701583/Content/SVR_GoodTime_Cordon/Materials/Bark.uexp" 344
"C:/PAVLOV/WOOD/PavlovVR-ModKit/Plugins/UGC3701583/Content/SVR_GoodTime_Cordon/Models/Tree1/Tree1.uasset" 345
"C:/PAVLOV/WOOD/PavlovVR-ModKit/Plugins/UGC3701583/Content/SVR_GoodTime_Cordon/Models/Tree1/Tree1.uexp" 346
"C:/PAVLOV/WOOD/PavlovVR-ModKit/Plugins/UGC3701583/Content/SVR_GoodTime_Cordon/Materials/Grnd_zemlya.uasset" 347
"C:/PAVLOV/WOOD/PavlovVR-ModKit/Plugins/UGC3701583/Content/SVR_GoodTime_Cordon/Materials/Grnd_zemlya.uexp" 348
"C:/PAVLOV/WOOD/PavlovVR-ModKit/Plugins/UGC3701583/Content/SVR_GoodTime_Cordon/Textures/concrete.ubulk" 349
"C:/PAVLOV/WOOD/PavlovVR-ModKit/Plugins/UGC3701583/Content/SVR_GoodTime_Cordon/Textures/concrete.uasset" 350
"C:/PAVLOV/WOOD/PavlovVR-ModKit/Plugins/UGC3701583/Content/SVR_GoodTime_Cordon/Textures/concrete.uexp" 351
"C:/PAVLOV/WOOD/PavlovVR-ModKit/Plugins/UGC3701583/Content/SVR_GoodTime_Cordon/Materials/IConcrete.uasset" 352
"C:/PAVLOV/WOOD/PavlovVR-ModKit/Plugins/UGC3701583/Content/SVR_GoodTime_Cordon/Materials/IConcrete.uexp" 353
"C:/PAVLOV/WOOD/PavlovVR-ModKit/Plugins/UGC3701583/Content/SVR_GoodTime_Cordon/definition.uasset" 354
"C:/PAVLOV/WOOD/PavlovVR-ModKit/Plugins/UGC3701583/Content/SVR_GoodTime_Cordon/definition.uexp" 355
"C:/PAVLOV/WOOD/PavlovVR-ModKit/Plugins/UGC3701583/Content/SVR_GoodTime_Cordon/Textures/veh_uaz_2.ubulk" 356
"C:/PAVLOV/WOOD/PavlovVR-ModKit/Plugins/UGC3701583/Content/SVR_GoodTime_Cordon/Textures/veh_uaz_2.uasset" 357
"C:/PAVLOV/WOOD/PavlovVR-ModKit/Plugins/UGC3701583/Content/SVR_GoodTime_Cordon/Textures/veh_uaz_2.uexp" 358
"C:/PAVLOV/WOOD/PavlovVR-ModKit/Plugins/UGC3701583/Content/SVR_GoodTime_Cordon/Materials/Veh_uaz_2.uasset" 359
"C:/PAVLOV/WOOD/PavlovVR-ModKit/Plugins/UGC3701583/Content/SVR_GoodTime_Cordon/Materials/Veh_uaz_2.uexp" 360
"C:/PAVLOV/WOOD/PavlovVR-ModKit/Plugins/UGC3701583/Content/SVR_GoodTime_Cordon/Models/Merged/Base2_veh_merged.uasset" 361
"C:/PAVLOV/WOOD/PavlovVR-ModKit/Plugins/UGC3701583/Content/SVR_GoodTime_Cordon/Models/Merged/Base2_veh_merged.uexp" 362
"C:/PAVLOV/WOOD/PavlovVR-ModKit/Plugins/UGC3701583/Content/SVR_GoodTime_Cordon/Models/Builder/House7.uasset" 363
"C:/PAVLOV/WOOD/PavlovVR-ModKit/Plugins/UGC3701583/Content/SVR_GoodTime_Cordon/Models/Builder/House7.uexp" 364
"C:/PAVLOV/WOOD/PavlovVR-ModKit/Plugins/UGC3701583/Content/SVR_GoodTime_Cordon/Textures/trees_vetkabig.ubulk" 365
"C:/PAVLOV/WOOD/PavlovVR-ModKit/Plugins/UGC3701583/Content/SVR_GoodTime_Cordon/Textures/trees_vetkabig.uasset" 366
"C:/PAVLOV/WOOD/PavlovVR-ModKit/Plugins/UGC3701583/Content/SVR_GoodTime_Cordon/Textures/trees_vetkabig.uexp" 367
"C:/PAVLOV/WOOD/PavlovVR-ModKit/Plugins/UGC3701583/Content/SVR_GoodTime_Cordon/Materials/Trees_vetkabig.uasset" 368
"C:/PAVLOV/WOOD/PavlovVR-ModKit/Plugins/UGC3701583/Content/SVR_GoodTime_Cordon/Materials/Trees_vetkabig.uexp" 369
"C:/PAVLOV/WOOD/PavlovVR-ModKit/Plugins/UGC3701583/Content/SVR_GoodTime_Cordon/Textures/Tree7.uasset" 370
"C:/PAVLOV/WOOD/PavlovVR-ModKit/Plugins/UGC3701583/Content/SVR_GoodTime_Cordon/Textures/Tree7.uexp" 371
"C:/PAVLOV/WOOD/PavlovVR-ModKit/Plugins/UGC3701583/Content/SVR_GoodTime_Cordon/Materials/Tree3Lod.uasset" 372
"C:/PAVLOV/WOOD/PavlovVR-ModKit/Plugins/UGC3701583/Content/SVR_GoodTime_Cordon/Materials/Tree3Lod.uexp" 373
"C:/PAVLOV/WOOD/PavlovVR-ModKit/Plugins/UGC3701583/Content/SVR_GoodTime_Cordon/Models/Tree3/tree3.uasset" 374
"C:/PAVLOV/WOOD/PavlovVR-ModKit/Plugins/UGC3701583/Content/SVR_GoodTime_Cordon/Models/Tree3/tree3.uexp" 375
"C:/PAVLOV/WOOD/PavlovVR-ModKit/Plugins/UGC3701583/Content/SVR_GoodTime_Cordon/Materials/Mossy_LayerInfo.uasset" 376
"C:/PAVLOV/WOOD/PavlovVR-ModKit/Plugins/UGC3701583/Content/SVR_GoodTime_Cordon/Materials/Mossy_LayerInfo.uexp" 377
"C:/PAVLOV/WOOD/PavlovVR-ModKit/Plugins/UGC3701583/Content/SVR_GoodTime_Cordon/Models/Builder/House69_House9.uasset" 378
"C:/PAVLOV/WOOD/PavlovVR-ModKit/Plugins/UGC3701583/Content/SVR_GoodTime_Cordon/Models/Builder/House69_House9.uexp" 379
"C:/PAVLOV/WOOD/PavlovVR-ModKit/Plugins/UGC3701583/Content/SVR_GoodTime_Cordon/Textures/ston_br2_iov.ubulk" 380
"C:/PAVLOV/WOOD/PavlovVR-ModKit/Plugins/UGC3701583/Content/SVR_GoodTime_Cordon/Textures/ston_br2_iov.uasset" 381
"C:/PAVLOV/WOOD/PavlovVR-ModKit/Plugins/UGC3701583/Content/SVR_GoodTime_Cordon/Textures/ston_br2_iov.uexp" 382
"C:/PAVLOV/WOOD/PavlovVR-ModKit/Plugins/UGC3701583/Content/SVR_GoodTime_Cordon/Materials/Ston_br2_iov.uasset" 383
"C:/PAVLOV/WOOD/PavlovVR-ModKit/Plugins/UGC3701583/Content/SVR_GoodTime_Cordon/Materials/Ston_br2_iov.uexp" 384
"C:/PAVLOV/WOOD/PavlovVR-ModKit/Plugins/UGC3701583/Content/SVR_GoodTime_Cordon/Models/Builder/Base1_normal_6168.uasset" 385
"C:/PAVLOV/WOOD/PavlovVR-ModKit/Plugins/UGC3701583/Content/SVR_GoodTime_Cordon/Models/Builder/Base1_normal_6168.uexp" 386
"C:/PAVLOV/WOOD/PavlovVR-ModKit/Plugins/UGC3701583/Content/SVR_GoodTime_Cordon/Models/Builder/Base1_normal_6216.uasset" 387
"C:/PAVLOV/WOOD/PavlovVR-ModKit/Plugins/UGC3701583/Content/SVR_GoodTime_Cordon/Models/Builder/Base1_normal_6216.uexp" 388
"C:/PAVLOV/WOOD/PavlovVR-ModKit/Plugins/UGC3701583/Content/SVR_GoodTime_Cordon/Models/Builder/Base1_normal_6259.uasset" 389
"C:/PAVLOV/WOOD/PavlovVR-ModKit/Plugins/UGC3701583/Content/SVR_GoodTime_Cordon/Models/Builder/Base1_normal_6259.uexp" 390
"C:/PAVLOV/WOOD/PavlovVR-ModKit/Plugins/UGC3701583/Content/SVR_GoodTime_Cordon/Models/Builder/Base1_normal_6291.uasset" 391
"C:/PAVLOV/WOOD/PavlovVR-ModKit/Plugins/UGC3701583/Content/SVR_GoodTime_Cordon/Models/Builder/Base1_normal_6291.uexp" 392
"C:/PAVLOV/WOOD/PavlovVR-ModKit/Plugins/UGC3701583/Content/SVR_GoodTime_Cordon/Textures/crete_schiffer3.ubulk" 393
"C:/PAVLOV/WOOD/PavlovVR-ModKit/Plugins/UGC3701583/Content/SVR_GoodTime_Cordon/Textures/crete_schiffer3.uasset" 394
"C:/PAVLOV/WOOD/PavlovVR-ModKit/Plugins/UGC3701583/Content/SVR_GoodTime_Cordon/Textures/crete_schiffer3.uexp" 395
"C:/PAVLOV/WOOD/PavlovVR-ModKit/Plugins/UGC3701583/Content/SVR_GoodTime_Cordon/Materials/Crete_schiffer3.uasset" 396
"C:/PAVLOV/WOOD/PavlovVR-ModKit/Plugins/UGC3701583/Content/SVR_GoodTime_Cordon/Materials/Crete_schiffer3.uexp" 397
"C:/PAVLOV/WOOD/PavlovVR-ModKit/Plugins/UGC3701583/Content/SVR_GoodTime_Cordon/Models/Skins/PlayerSkinTable.uasset" 398
"C:/PAVLOV/WOOD/PavlovVR-ModKit/Plugins/UGC3701583/Content/SVR_GoodTime_Cordon/Models/Skins/PlayerSkinTable.uexp" 399
"C:/PAVLOV/WOOD/PavlovVR-ModKit/Plugins/UGC3701583/Content/SVR_GoodTime_Cordon/Models/Skins/CMP_GlobalInfoExample1.uasset" 400
"C:/PAVLOV/WOOD/PavlovVR-ModKit/Plugins/UGC3701583/Content/SVR_GoodTime_Cordon/Models/Skins/CMP_GlobalInfoExample1.uexp" 401
"C:/PAVLOV/WOOD/PavlovVR-ModKit/Plugins/UGC3701583/Content/SVR_GoodTime_Cordon/Textures/veh_uazik_new.ubulk" 402
"C:/PAVLOV/WOOD/PavlovVR-ModKit/Plugins/UGC3701583/Content/SVR_GoodTime_Cordon/Textures/veh_uazik_new.uasset" 403
"C:/PAVLOV/WOOD/PavlovVR-ModKit/Plugins/UGC3701583/Content/SVR_GoodTime_Cordon/Textures/veh_uazik_new.uexp" 404
"C:/PAVLOV/WOOD/PavlovVR-ModKit/Plugins/UGC3701583/Content/SVR_GoodTime_Cordon/Materials/Veh_uazik.uasset" 405
"C:/PAVLOV/WOOD/PavlovVR-ModKit/Plugins/UGC3701583/Content/SVR_GoodTime_Cordon/Materials/Veh_uazik.uexp" 406
"C:/PAVLOV/WOOD/PavlovVR-ModKit/Plugins/UGC3701583/Content/SVR_GoodTime_Cordon/Models/Merged/Base0.uasset" 407
"C:/PAVLOV/WOOD/PavlovVR-ModKit/Plugins/UGC3701583/Content/SVR_GoodTime_Cordon/Models/Merged/Base0.uexp" 408
"C:/PAVLOV/WOOD/PavlovVR-ModKit/Plugins/UGC3701583/Content/SVR_GoodTime_Cordon/Cordon.uexp" 409
"C:/PAVLOV/WOOD/PavlovVR-ModKit/Plugins/UGC3701583/Content/SVR_GoodTime_Cordon/Cordon.ubulk" 410
"C:/PAVLOV/WOOD/PavlovVR-ModKit/Plugins/UGC3701583/Content/SVR_GoodTime_Cordon/Cordon.umap" 411
