"C:/PAVLOV/WOOD/PavlovVR-ModKit/Plugins/UGC3701583/Content/SVR_GoodTime_Cordon/Materials/Grnd_lasdscape/Mossy_Ground_xiboab2r/T_Mossy_Ground_xiboab2r_1K_N.uasset" 0
"C:/PAVLOV/WOOD/PavlovVR-ModKit/Plugins/UGC3701583/Content/SVR_GoodTime_Cordon/Materials/Grnd_lasdscape/Mossy_Ground_xiboab2r/T_Mossy_Ground_xiboab2r_1K_N.uexp" 1
"C:/PAVLOV/WOOD/PavlovVR-ModKit/Plugins/UGC3701583/Content/SVR_GoodTime_Cordon/Materials/Grnd_lasdscape/Gravel_Ground_xdusfjy/T_Gravel_Ground_xdusfjy_1K_N.uasset" 2
"C:/PAVLOV/WOOD/PavlovVR-ModKit/Plugins/UGC3701583/Content/SVR_GoodTime_Cordon/Materials/Grnd_lasdscape/Gravel_Ground_xdusfjy/T_Gravel_Ground_xdusfjy_1K_N.uexp" 3
"C:/PAVLOV/WOOD/PavlovVR-ModKit/Plugins/UGC3701583/Content/SVR_GoodTime_Cordon/Materials/Grnd_lasdscape/Mossy_Ground_xiboab2r/T_Mossy_Ground_xiboab2r_1K_D.uasset" 4
"C:/PAVLOV/WOOD/PavlovVR-ModKit/Plugins/UGC3701583/Content/SVR_GoodTime_Cordon/Materials/Grnd_lasdscape/Mossy_Ground_xiboab2r/T_Mossy_Ground_xiboab2r_1K_D.uexp" 5
"C:/PAVLOV/WOOD/PavlovVR-ModKit/Plugins/UGC3701583/Content/SVR_GoodTime_Cordon/Materials/Grnd_lasdscape/Mossy_Ground_xiboab2r/T_MossyGround_xiboab2r_1K_ORDp.uasset" 6
"C:/PAVLOV/WOOD/PavlovVR-ModKit/Plugins/UGC3701583/Content/SVR_GoodTime_Cordon/Materials/Grnd_lasdscape/Mossy_Ground_xiboab2r/T_MossyGround_xiboab2r_1K_ORDp.uexp" 7
"C:/PAVLOV/WOOD/PavlovVR-ModKit/Plugins/UGC3701583/Content/SVR_GoodTime_Cordon/Materials/Grnd_lasdscape/Gravel_Ground_xdusfjy/T_Gravel_Ground_xdusfjy_1K_D.uasset" 8
"C:/PAVLOV/WOOD/PavlovVR-ModKit/Plugins/UGC3701583/Content/SVR_GoodTime_Cordon/Materials/Grnd_lasdscape/Gravel_Ground_xdusfjy/T_Gravel_Ground_xdusfjy_1K_D.uexp" 9
"C:/PAVLOV/WOOD/PavlovVR-ModKit/Plugins/UGC3701583/Content/SVR_GoodTime_Cordon/Models/Terrain/TerrainMiddle.uasset" 10
"C:/PAVLOV/WOOD/PavlovVR-ModKit/Plugins/UGC3701583/Content/SVR_GoodTime_Cordon/Models/Terrain/TerrainMiddle.uexp" 11
"C:/PAVLOV/WOOD/PavlovVR-ModKit/Plugins/UGC3701583/Content/SVR_GoodTime_Cordon/Models/Builder/Walls.uasset" 12
"C:/PAVLOV/WOOD/PavlovVR-ModKit/Plugins/UGC3701583/Content/SVR_GoodTime_Cordon/Models/Builder/Walls.uexp" 13
"C:/PAVLOV/WOOD/PavlovVR-ModKit/Plugins/UGC3701583/Content/SVR_GoodTime_Cordon/Models/Builder/Tunnels.uasset" 14
"C:/PAVLOV/WOOD/PavlovVR-ModKit/Plugins/UGC3701583/Content/SVR_GoodTime_Cordon/Models/Builder/Tunnels.uexp" 15
"C:/PAVLOV/WOOD/PavlovVR-ModKit/Plugins/UGC3701583/Content/SVR_GoodTime_Cordon/Models/Builder/Rails.uasset" 16
"C:/PAVLOV/WOOD/PavlovVR-ModKit/Plugins/UGC3701583/Content/SVR_GoodTime_Cordon/Models/Builder/Rails.uexp" 17
"C:/PAVLOV/WOOD/PavlovVR-ModKit/Plugins/UGC3701583/Content/SVR_GoodTime_Cordon/Models/Builder/Pillars.uasset" 18
"C:/PAVLOV/WOOD/PavlovVR-ModKit/Plugins/UGC3701583/Content/SVR_GoodTime_Cordon/Models/Builder/Pillars.uexp" 19
"C:/PAVLOV/WOOD/PavlovVR-ModKit/Plugins/UGC3701583/Content/SVR_GoodTime_Cordon/Materials/Grnd_lasdscape/Mossy_LayerInfo.uasset" 20
"C:/PAVLOV/WOOD/PavlovVR-ModKit/Plugins/UGC3701583/Content/SVR_GoodTime_Cordon/Materials/Grnd_lasdscape/Mossy_LayerInfo.uexp" 21
"C:/PAVLOV/WOOD/PavlovVR-ModKit/Plugins/UGC3701583/Content/SVR_GoodTime_Cordon/Materials/Grnd_lasdscape/Gravel_LayerInfo.uasset" 22
"C:/PAVLOV/WOOD/PavlovVR-ModKit/Plugins/UGC3701583/Content/SVR_GoodTime_Cordon/Materials/Grnd_lasdscape/Gravel_LayerInfo.uexp" 23
"C:/PAVLOV/WOOD/PavlovVR-ModKit/Plugins/UGC3701583/Content/SVR_GoodTime_Cordon/Materials/Grmd_material1.uasset" 24
"C:/PAVLOV/WOOD/PavlovVR-ModKit/Plugins/UGC3701583/Content/SVR_GoodTime_Cordon/Materials/Grmd_material1.uexp" 25
"C:/PAVLOV/WOOD/PavlovVR-ModKit/Plugins/UGC3701583/Content/SVR_GoodTime_Cordon/Textures/snowtexture.uasset" 26
"C:/PAVLOV/WOOD/PavlovVR-ModKit/Plugins/UGC3701583/Content/SVR_GoodTime_Cordon/Textures/snowtexture.uexp" 27
"C:/PAVLOV/WOOD/PavlovVR-ModKit/Plugins/UGC3701583/Content/SVR_GoodTime_Cordon/Textures/grnd_grass1.uasset" 28
"C:/PAVLOV/WOOD/PavlovVR-ModKit/Plugins/UGC3701583/Content/SVR_GoodTime_Cordon/Textures/grnd_grass1.uexp" 29
"C:/PAVLOV/WOOD/PavlovVR-ModKit/Plugins/UGC3701583/Content/SVR_GoodTime_Cordon/Textures/bark.uasset" 30
"C:/PAVLOV/WOOD/PavlovVR-ModKit/Plugins/UGC3701583/Content/SVR_GoodTime_Cordon/Textures/bark.uexp" 31
"C:/PAVLOV/WOOD/PavlovVR-ModKit/Plugins/UGC3701583/Content/SVR_GoodTime_Cordon/Blueprints/AnomTeleport.uasset" 32
"C:/PAVLOV/WOOD/PavlovVR-ModKit/Plugins/UGC3701583/Content/SVR_GoodTime_Cordon/Blueprints/AnomTeleport.uexp" 33
"C:/PAVLOV/WOOD/PavlovVR-ModKit/Plugins/UGC3701583/Content/SVR_GoodTime_Cordon/Rail2.uasset" 34
"C:/PAVLOV/WOOD/PavlovVR-ModKit/Plugins/UGC3701583/Content/SVR_GoodTime_Cordon/Rail2.uexp" 35
"C:/PAVLOV/WOOD/PavlovVR-ModKit/Plugins/UGC3701583/Content/SVR_GoodTime_Cordon/Models/Fireplace/Box.uasset" 36
"C:/PAVLOV/WOOD/PavlovVR-ModKit/Plugins/UGC3701583/Content/SVR_GoodTime_Cordon/Models/Fireplace/Box.uexp" 37
"C:/PAVLOV/WOOD/PavlovVR-ModKit/Plugins/UGC3701583/Content/SVR_GoodTime_Cordon/Models/Builder/House2Soffa.uasset" 38
"C:/PAVLOV/WOOD/PavlovVR-ModKit/Plugins/UGC3701583/Content/SVR_GoodTime_Cordon/Models/Builder/House2Soffa.uexp" 39
"C:/PAVLOV/WOOD/PavlovVR-ModKit/Plugins/UGC3701583/Content/SVR_GoodTime_Cordon/Models/Builder/Ceemps.uasset" 40
"C:/PAVLOV/WOOD/PavlovVR-ModKit/Plugins/UGC3701583/Content/SVR_GoodTime_Cordon/Models/Builder/Ceemps.uexp" 41
"C:/PAVLOV/WOOD/PavlovVR-ModKit/Plugins/UGC3701583/Content/SVR_GoodTime_Cordon/Models/Builder/Bridge_normal_6564.uasset" 42
"C:/PAVLOV/WOOD/PavlovVR-ModKit/Plugins/UGC3701583/Content/SVR_GoodTime_Cordon/Models/Builder/Bridge_normal_6564.uexp" 43
"C:/PAVLOV/WOOD/PavlovVR-ModKit/Plugins/UGC3701583/Content/SVR_GoodTime_Cordon/Models/Builder/Bridge_normal_6523.uasset" 44
"C:/PAVLOV/WOOD/PavlovVR-ModKit/Plugins/UGC3701583/Content/SVR_GoodTime_Cordon/Models/Builder/Bridge_normal_6523.uexp" 45
"C:/PAVLOV/WOOD/PavlovVR-ModKit/Plugins/UGC3701583/Content/SVR_GoodTime_Cordon/Models/Builder/BridgeDown.uasset" 46
"C:/PAVLOV/WOOD/PavlovVR-ModKit/Plugins/UGC3701583/Content/SVR_GoodTime_Cordon/Models/Builder/BridgeDown.uexp" 47
"C:/PAVLOV/WOOD/PavlovVR-ModKit/Plugins/UGC3701583/Content/SVR_GoodTime_Cordon/Models/Builder/Base45_normal_6744.uasset" 48
"C:/PAVLOV/WOOD/PavlovVR-ModKit/Plugins/UGC3701583/Content/SVR_GoodTime_Cordon/Models/Builder/Base45_normal_6744.uexp" 49
"C:/PAVLOV/WOOD/PavlovVR-ModKit/Plugins/UGC3701583/Content/SVR_GoodTime_Cordon/Models/Builder/Base45_normal_091.uasset" 50
"C:/PAVLOV/WOOD/PavlovVR-ModKit/Plugins/UGC3701583/Content/SVR_GoodTime_Cordon/Models/Builder/Base45_normal_091.uexp" 51
"C:/PAVLOV/WOOD/PavlovVR-ModKit/Plugins/UGC3701583/Content/SVR_GoodTime_Cordon/Models/Builder/Base1_normal_897.uasset" 52
"C:/PAVLOV/WOOD/PavlovVR-ModKit/Plugins/UGC3701583/Content/SVR_GoodTime_Cordon/Models/Builder/Base1_normal_897.uexp" 53
"C:/PAVLOV/WOOD/PavlovVR-ModKit/Plugins/UGC3701583/Content/SVR_GoodTime_Cordon/Block1.uasset" 54
"C:/PAVLOV/WOOD/PavlovVR-ModKit/Plugins/UGC3701583/Content/SVR_GoodTime_Cordon/Block1.uexp" 55
"C:/PAVLOV/WOOD/PavlovVR-ModKit/Plugins/UGC3701583/Content/definition.uasset" 56
"C:/PAVLOV/WOOD/PavlovVR-ModKit/Plugins/UGC3701583/Content/definition.uexp" 57
"C:/PAVLOV/WOOD/PavlovVR-ModKit/Plugins/UGC3701583/Content/SVR_GoodTime_Cordon/Materials/Stone_Wall_vddjdfm/T_Stone_Wall_vddjdfm_1K_D.uasset" 58
"C:/PAVLOV/WOOD/PavlovVR-ModKit/Plugins/UGC3701583/Content/SVR_GoodTime_Cordon/Materials/Stone_Wall_vddjdfm/T_Stone_Wall_vddjdfm_1K_D.uexp" 59
"C:/PAVLOV/WOOD/PavlovVR-ModKit/Plugins/UGC3701583/Content/SVR_GoodTime_Cordon/Materials/Stone_Wall_vddjdfm/Wall.uasset" 60
"C:/PAVLOV/WOOD/PavlovVR-ModKit/Plugins/UGC3701583/Content/SVR_GoodTime_Cordon/Materials/Stone_Wall_vddjdfm/Wall.uexp" 61
"C:/PAVLOV/WOOD/PavlovVR-ModKit/Plugins/UGC3701583/Content/SVR_GoodTime_Cordon/Materials/Stone_Wall_vddjdfm/T_StoneWall_vddjdfm_1K_ORDp.uasset" 62
"C:/PAVLOV/WOOD/PavlovVR-ModKit/Plugins/UGC3701583/Content/SVR_GoodTime_Cordon/Materials/Stone_Wall_vddjdfm/T_StoneWall_vddjdfm_1K_ORDp.uexp" 63
"C:/PAVLOV/WOOD/PavlovVR-ModKit/Plugins/UGC3701583/Content/SVR_GoodTime_Cordon/Materials/Stone_Wall_vddjdfm/T_Stone_Wall_vddjdfm_1K_N.uasset" 64
"C:/PAVLOV/WOOD/PavlovVR-ModKit/Plugins/UGC3701583/Content/SVR_GoodTime_Cordon/Materials/Stone_Wall_vddjdfm/T_Stone_Wall_vddjdfm_1K_N.uexp" 65
"C:/PAVLOV/WOOD/PavlovVR-ModKit/Plugins/UGC3701583/Content/SVR_GoodTime_Cordon/Materials/Stone_Wall_vddjdfm/MI_Stone_Wall_vddjdfm_1K.uasset" 66
"C:/PAVLOV/WOOD/PavlovVR-ModKit/Plugins/UGC3701583/Content/SVR_GoodTime_Cordon/Materials/Stone_Wall_vddjdfm/MI_Stone_Wall_vddjdfm_1K.uexp" 67
"C:/PAVLOV/WOOD/PavlovVR-ModKit/Plugins/UGC3701583/Content/SVR_GoodTime_Cordon/Materials/Mossy_Ground_xiboab2r/T_Mossy_Ground_xiboab2r_1K_N.uasset" 68
"C:/PAVLOV/WOOD/PavlovVR-ModKit/Plugins/UGC3701583/Content/SVR_GoodTime_Cordon/Materials/Mossy_Ground_xiboab2r/T_Mossy_Ground_xiboab2r_1K_N.uexp" 69
"C:/PAVLOV/WOOD/PavlovVR-ModKit/Plugins/UGC3701583/Content/SVR_GoodTime_Cordon/Materials/Mossy_Ground_xiboab2r/T_MossyGround_xiboab2r_1K_ORDp.uasset" 70
"C:/PAVLOV/WOOD/PavlovVR-ModKit/Plugins/UGC3701583/Content/SVR_GoodTime_Cordon/Materials/Mossy_Ground_xiboab2r/T_MossyGround_xiboab2r_1K_ORDp.uexp" 71
"C:/PAVLOV/WOOD/PavlovVR-ModKit/Plugins/UGC3701583/Content/SVR_GoodTime_Cordon/Materials/Mossy_Ground_xiboab2r/T_Mossy_Ground_xiboab2r_1K_D.uasset" 72
"C:/PAVLOV/WOOD/PavlovVR-ModKit/Plugins/UGC3701583/Content/SVR_GoodTime_Cordon/Materials/Mossy_Ground_xiboab2r/T_Mossy_Ground_xiboab2r_1K_D.uexp" 73
"C:/PAVLOV/WOOD/PavlovVR-ModKit/Plugins/UGC3701583/Content/SVR_GoodTime_Cordon/Materials/Grnd_lasdscape/Mossy_Ground_xiboab2r/MI_Mossy_Ground_xiboab2r_1K.uasset" 74
"C:/PAVLOV/WOOD/PavlovVR-ModKit/Plugins/UGC3701583/Content/SVR_GoodTime_Cordon/Materials/Grnd_lasdscape/Mossy_Ground_xiboab2r/MI_Mossy_Ground_xiboab2r_1K.uexp" 75
"C:/PAVLOV/WOOD/PavlovVR-ModKit/Plugins/UGC3701583/Content/SVR_GoodTime_Cordon/Materials/Mossy_Ground_xiboab2r/MI_Mossy_Ground_xiboab2r_1K.uasset" 76
"C:/PAVLOV/WOOD/PavlovVR-ModKit/Plugins/UGC3701583/Content/SVR_GoodTime_Cordon/Materials/Mossy_Ground_xiboab2r/MI_Mossy_Ground_xiboab2r_1K.uexp" 77
"C:/PAVLOV/WOOD/PavlovVR-ModKit/Plugins/UGC3701583/Content/SVR_GoodTime_Cordon/Materials/Rusty_Shipping_Container_vl3iaiedy/T_Rusty_Shipping_Container_vl3iaiedy_1K_D.uasset" 78
"C:/PAVLOV/WOOD/PavlovVR-ModKit/Plugins/UGC3701583/Content/SVR_GoodTime_Cordon/Materials/Rusty_Shipping_Container_vl3iaiedy/T_Rusty_Shipping_Container_vl3iaiedy_1K_D.uexp" 79
"C:/PAVLOV/WOOD/PavlovVR-ModKit/Plugins/UGC3701583/Content/SVR_GoodTime_Cordon/Materials/Rusty_Shipping_Container_vl3iaiedy/T_Rusty_Shipping_Container_vl3iaiedy_1K_N.uasset" 80
"C:/PAVLOV/WOOD/PavlovVR-ModKit/Plugins/UGC3701583/Content/SVR_GoodTime_Cordon/Materials/Rusty_Shipping_Container_vl3iaiedy/T_Rusty_Shipping_Container_vl3iaiedy_1K_N.uexp" 81
"C:/PAVLOV/WOOD/PavlovVR-ModKit/Plugins/UGC3701583/Content/SVR_GoodTime_Cordon/Materials/Rusty_Shipping_Container_vl3iaiedy/T_Rusty_Shipping_Container_vl3iaiedy_1K_Mat.uasset" 82
"C:/PAVLOV/WOOD/PavlovVR-ModKit/Plugins/UGC3701583/Content/SVR_GoodTime_Cordon/Materials/Rusty_Shipping_Container_vl3iaiedy/T_Rusty_Shipping_Container_vl3iaiedy_1K_Mat.uexp" 83
"C:/PAVLOV/WOOD/PavlovVR-ModKit/Plugins/UGC3701583/Content/SVR_GoodTime_Cordon/Materials/Rusty_Shipping_Container_vl3iaiedy/T_RustyShippingContainer_vl3iaiedy_1K_ORDp.uasset" 84
"C:/PAVLOV/WOOD/PavlovVR-ModKit/Plugins/UGC3701583/Content/SVR_GoodTime_Cordon/Materials/Rusty_Shipping_Container_vl3iaiedy/T_RustyShippingContainer_vl3iaiedy_1K_ORDp.uexp" 85
"C:/PAVLOV/WOOD/PavlovVR-ModKit/Plugins/UGC3701583/Content/SVR_GoodTime_Cordon/Materials/Rusty_Shipping_Container_vl3iaiedy/MI_Rusty_Shipping_Container_vl3iaiedy_1K.uasset" 86
"C:/PAVLOV/WOOD/PavlovVR-ModKit/Plugins/UGC3701583/Content/SVR_GoodTime_Cordon/Materials/Rusty_Shipping_Container_vl3iaiedy/MI_Rusty_Shipping_Container_vl3iaiedy_1K.uexp" 87
"C:/PAVLOV/WOOD/PavlovVR-ModKit/Plugins/UGC3701583/Content/SVR_GoodTime_Cordon/Materials/Mossy_Ground_vl1lfb3fw/T_MossyGround_vl1lfb3fw_1K_ORDp.uasset" 88
"C:/PAVLOV/WOOD/PavlovVR-ModKit/Plugins/UGC3701583/Content/SVR_GoodTime_Cordon/Materials/Mossy_Ground_vl1lfb3fw/T_MossyGround_vl1lfb3fw_1K_ORDp.uexp" 89
"C:/PAVLOV/WOOD/PavlovVR-ModKit/Plugins/UGC3701583/Content/SVR_GoodTime_Cordon/Materials/Mossy_Ground_vl1lfb3fw/T_Mossy_Ground_vl1lfb3fw_1K_N.uasset" 90
"C:/PAVLOV/WOOD/PavlovVR-ModKit/Plugins/UGC3701583/Content/SVR_GoodTime_Cordon/Materials/Mossy_Ground_vl1lfb3fw/T_Mossy_Ground_vl1lfb3fw_1K_N.uexp" 91
"C:/PAVLOV/WOOD/PavlovVR-ModKit/Plugins/UGC3701583/Content/SVR_GoodTime_Cordon/Materials/Mossy_Ground_vl1lfb3fw/T_Mossy_Ground_vl1lfb3fw_1K_D.uasset" 92
"C:/PAVLOV/WOOD/PavlovVR-ModKit/Plugins/UGC3701583/Content/SVR_GoodTime_Cordon/Materials/Mossy_Ground_vl1lfb3fw/T_Mossy_Ground_vl1lfb3fw_1K_D.uexp" 93
"C:/PAVLOV/WOOD/PavlovVR-ModKit/Plugins/UGC3701583/Content/SVR_GoodTime_Cordon/Materials/Mossy_Ground_vl1lfb3fw/MI_Mossy_Ground_vl1lfb3fw_1K.uasset" 94
"C:/PAVLOV/WOOD/PavlovVR-ModKit/Plugins/UGC3701583/Content/SVR_GoodTime_Cordon/Materials/Mossy_Ground_vl1lfb3fw/MI_Mossy_Ground_vl1lfb3fw_1K.uexp" 95
"C:/PAVLOV/WOOD/PavlovVR-ModKit/Plugins/UGC3701583/Content/SVR_GoodTime_Cordon/Materials/Gravel_Ground_xdusfjy/T_Gravel_Ground_xdusfjy_1K_D.uasset" 96
"C:/PAVLOV/WOOD/PavlovVR-ModKit/Plugins/UGC3701583/Content/SVR_GoodTime_Cordon/Materials/Gravel_Ground_xdusfjy/T_Gravel_Ground_xdusfjy_1K_D.uexp" 97
"C:/PAVLOV/WOOD/PavlovVR-ModKit/Plugins/UGC3701583/Content/SVR_GoodTime_Cordon/Materials/Gravel_Ground_xdusfjy/T_Gravel_Ground_xdusfjy_1K_N.uasset" 98
"C:/PAVLOV/WOOD/PavlovVR-ModKit/Plugins/UGC3701583/Content/SVR_GoodTime_Cordon/Materials/Gravel_Ground_xdusfjy/T_Gravel_Ground_xdusfjy_1K_N.uexp" 99
"C:/PAVLOV/WOOD/PavlovVR-ModKit/Plugins/UGC3701583/Content/SVR_GoodTime_Cordon/Materials/Grnd_lasdscape/Gravel_Ground_xdusfjy/MI_Gravel_Ground_xdusfjy_1K.uasset" 100
"C:/PAVLOV/WOOD/PavlovVR-ModKit/Plugins/UGC3701583/Content/SVR_GoodTime_Cordon/Materials/Grnd_lasdscape/Gravel_Ground_xdusfjy/MI_Gravel_Ground_xdusfjy_1K.uexp" 101
"C:/PAVLOV/WOOD/PavlovVR-ModKit/Plugins/UGC3701583/Content/SVR_GoodTime_Cordon/Materials/Gravel_Ground_xdusfjy/MI_Gravel_Ground_xdusfjy_1K.uasset" 102
"C:/PAVLOV/WOOD/PavlovVR-ModKit/Plugins/UGC3701583/Content/SVR_GoodTime_Cordon/Materials/Gravel_Ground_xdusfjy/MI_Gravel_Ground_xdusfjy_1K.uexp" 103
"C:/PAVLOV/WOOD/PavlovVR-ModKit/Plugins/UGC3701583/Content/SVR_GoodTime_Cordon/Materials/NewMaterial.uasset" 104
"C:/PAVLOV/WOOD/PavlovVR-ModKit/Plugins/UGC3701583/Content/SVR_GoodTime_Cordon/Materials/NewMaterial.uexp" 105
"C:/PAVLOV/WOOD/PavlovVR-ModKit/Plugins/UGC3701583/Content/SVR_GoodTime_Cordon/Materials/NewMaterial_Inst.uasset" 106
"C:/PAVLOV/WOOD/PavlovVR-ModKit/Plugins/UGC3701583/Content/SVR_GoodTime_Cordon/Materials/NewMaterial_Inst.uexp" 107
"C:/PAVLOV/WOOD/PavlovVR-ModKit/Plugins/UGC3701583/Content/SVR_GoodTime_Cordon/Textures/trees_sosna.uasset" 108
"C:/PAVLOV/WOOD/PavlovVR-ModKit/Plugins/UGC3701583/Content/SVR_GoodTime_Cordon/Textures/trees_sosna.uexp" 109
"C:/PAVLOV/WOOD/PavlovVR-ModKit/Plugins/UGC3701583/Content/SVR_GoodTime_Cordon/Materials/Tree_sosna.uasset" 110
"C:/PAVLOV/WOOD/PavlovVR-ModKit/Plugins/UGC3701583/Content/SVR_GoodTime_Cordon/Materials/Tree_sosna.uexp" 111
"C:/PAVLOV/WOOD/PavlovVR-ModKit/Plugins/UGC3701583/Content/SVR_GoodTime_Cordon/Textures/ston_beton_ch_15.uasset" 112
"C:/PAVLOV/WOOD/PavlovVR-ModKit/Plugins/UGC3701583/Content/SVR_GoodTime_Cordon/Textures/ston_beton_ch_15.uexp" 113
"C:/PAVLOV/WOOD/PavlovVR-ModKit/Plugins/UGC3701583/Content/SVR_GoodTime_Cordon/Materials/Trash.uasset" 114
"C:/PAVLOV/WOOD/PavlovVR-ModKit/Plugins/UGC3701583/Content/SVR_GoodTime_Cordon/Materials/Trash.uexp" 115
"C:/PAVLOV/WOOD/PavlovVR-ModKit/Plugins/UGC3701583/Content/SVR_GoodTime_Cordon/Textures/sign_bioh.uasset" 116
"C:/PAVLOV/WOOD/PavlovVR-ModKit/Plugins/UGC3701583/Content/SVR_GoodTime_Cordon/Textures/sign_bioh.uexp" 117
"C:/PAVLOV/WOOD/PavlovVR-ModKit/Plugins/UGC3701583/Content/SVR_GoodTime_Cordon/Materials/RadiationSign3.uasset" 118
"C:/PAVLOV/WOOD/PavlovVR-ModKit/Plugins/UGC3701583/Content/SVR_GoodTime_Cordon/Materials/RadiationSign3.uexp" 119
"C:/PAVLOV/WOOD/PavlovVR-ModKit/Plugins/UGC3701583/Content/SVR_GoodTime_Cordon/Textures/prop_vagon_iov_d.uasset" 120
"C:/PAVLOV/WOOD/PavlovVR-ModKit/Plugins/UGC3701583/Content/SVR_GoodTime_Cordon/Textures/prop_vagon_iov_d.uexp" 121
"C:/PAVLOV/WOOD/PavlovVR-ModKit/Plugins/UGC3701583/Content/SVR_GoodTime_Cordon/Materials/Prop_vagon_iov_d.uasset" 122
"C:/PAVLOV/WOOD/PavlovVR-ModKit/Plugins/UGC3701583/Content/SVR_GoodTime_Cordon/Materials/Prop_vagon_iov_d.uexp" 123
"C:/PAVLOV/WOOD/PavlovVR-ModKit/Plugins/UGC3701583/Content/SVR_GoodTime_Cordon/Textures/grnd_zemlya.uasset" 124
"C:/PAVLOV/WOOD/PavlovVR-ModKit/Plugins/UGC3701583/Content/SVR_GoodTime_Cordon/Textures/grnd_zemlya.uexp" 125
"C:/PAVLOV/WOOD/PavlovVR-ModKit/Plugins/UGC3701583/Content/SVR_GoodTime_Cordon/Materials/Grnd_grass1.uasset" 126
"C:/PAVLOV/WOOD/PavlovVR-ModKit/Plugins/UGC3701583/Content/SVR_GoodTime_Cordon/Materials/Grnd_grass1.uexp" 127
"C:/PAVLOV/WOOD/PavlovVR-ModKit/Plugins/UGC3701583/Content/SVR_GoodTime_Cordon/Textures/grnd_j_asfalt_04a.uasset" 128
"C:/PAVLOV/WOOD/PavlovVR-ModKit/Plugins/UGC3701583/Content/SVR_GoodTime_Cordon/Textures/grnd_j_asfalt_04a.uexp" 129
"C:/PAVLOV/WOOD/PavlovVR-ModKit/Plugins/UGC3701583/Content/SVR_GoodTime_Cordon/Materials/Grnd_j_asfalt_04a.uasset" 130
"C:/PAVLOV/WOOD/PavlovVR-ModKit/Plugins/UGC3701583/Content/SVR_GoodTime_Cordon/Materials/Grnd_j_asfalt_04a.uexp" 131
"C:/PAVLOV/WOOD/PavlovVR-ModKit/Plugins/UGC3701583/Content/SVR_GoodTime_Cordon/Textures/grnd_dirt2.uasset" 132
"C:/PAVLOV/WOOD/PavlovVR-ModKit/Plugins/UGC3701583/Content/SVR_GoodTime_Cordon/Textures/grnd_dirt2.uexp" 133
"C:/PAVLOV/WOOD/PavlovVR-ModKit/Plugins/UGC3701583/Content/SVR_GoodTime_Cordon/Materials/Grnd_dirt2.uasset" 134
"C:/PAVLOV/WOOD/PavlovVR-ModKit/Plugins/UGC3701583/Content/SVR_GoodTime_Cordon/Materials/Grnd_dirt2.uexp" 135
"C:/PAVLOV/WOOD/PavlovVR-ModKit/Plugins/UGC3701583/Content/SVR_GoodTime_Cordon/Textures/veh_vagoni_cpm.uasset" 136
"C:/PAVLOV/WOOD/PavlovVR-ModKit/Plugins/UGC3701583/Content/SVR_GoodTime_Cordon/Textures/veh_vagoni_cpm.uexp" 137
"C:/PAVLOV/WOOD/PavlovVR-ModKit/Plugins/UGC3701583/Content/SVR_GoodTime_Cordon/Materials/Veh_vagoni_cpm.uasset" 138
"C:/PAVLOV/WOOD/PavlovVR-ModKit/Plugins/UGC3701583/Content/SVR_GoodTime_Cordon/Materials/Veh_vagoni_cpm.uexp" 139
"C:/PAVLOV/WOOD/PavlovVR-ModKit/Plugins/UGC3701583/Content/SVR_GoodTime_Cordon/Models/Vagoni.uasset" 140
"C:/PAVLOV/WOOD/PavlovVR-ModKit/Plugins/UGC3701583/Content/SVR_GoodTime_Cordon/Models/Vagoni.uexp" 141
"C:/PAVLOV/WOOD/PavlovVR-ModKit/Plugins/UGC3701583/Content/SVR_GoodTime_Cordon/Textures/trees_elkabark.uasset" 142
"C:/PAVLOV/WOOD/PavlovVR-ModKit/Plugins/UGC3701583/Content/SVR_GoodTime_Cordon/Textures/trees_elkabark.uexp" 143
"C:/PAVLOV/WOOD/PavlovVR-ModKit/Plugins/UGC3701583/Content/SVR_GoodTime_Cordon/Models/Tree5/Elka_bark.uasset" 144
"C:/PAVLOV/WOOD/PavlovVR-ModKit/Plugins/UGC3701583/Content/SVR_GoodTime_Cordon/Models/Tree5/Elka_bark.uexp" 145
"C:/PAVLOV/WOOD/PavlovVR-ModKit/Plugins/UGC3701583/Content/SVR_GoodTime_Cordon/Textures/trees_elka_sux.uasset" 146
"C:/PAVLOV/WOOD/PavlovVR-ModKit/Plugins/UGC3701583/Content/SVR_GoodTime_Cordon/Textures/trees_elka_sux.uexp" 147
"C:/PAVLOV/WOOD/PavlovVR-ModKit/Plugins/UGC3701583/Content/SVR_GoodTime_Cordon/Materials/Elka_sux.uasset" 148
"C:/PAVLOV/WOOD/PavlovVR-ModKit/Plugins/UGC3701583/Content/SVR_GoodTime_Cordon/Materials/Elka_sux.uexp" 149
"C:/PAVLOV/WOOD/PavlovVR-ModKit/Plugins/UGC3701583/Content/SVR_GoodTime_Cordon/Models/Tree5/Elka.uasset" 150
"C:/PAVLOV/WOOD/PavlovVR-ModKit/Plugins/UGC3701583/Content/SVR_GoodTime_Cordon/Models/Tree5/Elka.uexp" 151
"C:/PAVLOV/WOOD/PavlovVR-ModKit/Plugins/UGC3701583/Content/SVR_GoodTime_Cordon/Textures/trees_bark_sosna_01.uasset" 152
"C:/PAVLOV/WOOD/PavlovVR-ModKit/Plugins/UGC3701583/Content/SVR_GoodTime_Cordon/Textures/trees_bark_sosna_01.uexp" 153
"C:/PAVLOV/WOOD/PavlovVR-ModKit/Plugins/UGC3701583/Content/SVR_GoodTime_Cordon/Materials/Bark_sosna.uasset" 154
"C:/PAVLOV/WOOD/PavlovVR-ModKit/Plugins/UGC3701583/Content/SVR_GoodTime_Cordon/Materials/Bark_sosna.uexp" 155
"C:/PAVLOV/WOOD/PavlovVR-ModKit/Plugins/UGC3701583/Content/SVR_GoodTime_Cordon/Models/Tree5/PineTree.uasset" 156
"C:/PAVLOV/WOOD/PavlovVR-ModKit/Plugins/UGC3701583/Content/SVR_GoodTime_Cordon/Models/Tree5/PineTree.uexp" 157
"C:/PAVLOV/WOOD/PavlovVR-ModKit/Plugins/UGC3701583/Content/SVR_GoodTime_Cordon/Textures/sign_rad.uasset" 158
"C:/PAVLOV/WOOD/PavlovVR-ModKit/Plugins/UGC3701583/Content/SVR_GoodTime_Cordon/Textures/sign_rad.uexp" 159
"C:/PAVLOV/WOOD/PavlovVR-ModKit/Plugins/UGC3701583/Content/SVR_GoodTime_Cordon/Materials/RadiationSign.uasset" 160
"C:/PAVLOV/WOOD/PavlovVR-ModKit/Plugins/UGC3701583/Content/SVR_GoodTime_Cordon/Materials/RadiationSign.uexp" 161
"C:/PAVLOV/WOOD/PavlovVR-ModKit/Plugins/UGC3701583/Content/SVR_GoodTime_Cordon/Models/Supply/Radiation-sign.uasset" 162
"C:/PAVLOV/WOOD/PavlovVR-ModKit/Plugins/UGC3701583/Content/SVR_GoodTime_Cordon/Models/Supply/Radiation-sign.uexp" 163
"C:/PAVLOV/WOOD/PavlovVR-ModKit/Plugins/UGC3701583/Content/SVR_GoodTime_Cordon/Models/Merged/SM_MERGED_Radiation-sign2_938.uasset" 164
"C:/PAVLOV/WOOD/PavlovVR-ModKit/Plugins/UGC3701583/Content/SVR_GoodTime_Cordon/Models/Merged/SM_MERGED_Radiation-sign2_938.uexp" 165
"C:/PAVLOV/WOOD/PavlovVR-ModKit/Plugins/UGC3701583/Content/SVR_GoodTime_Cordon/Textures/png-transparent-cloud-fog-white-desktop-mist-cloud-white-atmosphere-cloud-thumbnail.uasset" 166
"C:/PAVLOV/WOOD/PavlovVR-ModKit/Plugins/UGC3701583/Content/SVR_GoodTime_Cordon/Textures/png-transparent-cloud-fog-white-desktop-mist-cloud-white-atmosphere-cloud-thumbnail.uexp" 167
"C:/PAVLOV/WOOD/PavlovVR-ModKit/Plugins/UGC3701583/Content/SVR_GoodTime_Cordon/Materials/SnowGround.uasset" 168
"C:/PAVLOV/WOOD/PavlovVR-ModKit/Plugins/UGC3701583/Content/SVR_GoodTime_Cordon/Materials/SnowGround.uexp" 169
"C:/PAVLOV/WOOD/PavlovVR-ModKit/Plugins/UGC3701583/Content/SVR_GoodTime_Cordon/Materials/Fogg.uasset" 170
"C:/PAVLOV/WOOD/PavlovVR-ModKit/Plugins/UGC3701583/Content/SVR_GoodTime_Cordon/Materials/Fogg.uexp" 171
"C:/PAVLOV/WOOD/PavlovVR-ModKit/Plugins/UGC3701583/Content/SVR_GoodTime_Cordon/Blueprints/StalkFog.uasset" 172
"C:/PAVLOV/WOOD/PavlovVR-ModKit/Plugins/UGC3701583/Content/SVR_GoodTime_Cordon/Blueprints/StalkFog.uexp" 173
"C:/PAVLOV/WOOD/PavlovVR-ModKit/Plugins/UGC3701583/Content/SVR_GoodTime_Cordon/Blueprints/My_PlayerProxyExample.uasset" 174
"C:/PAVLOV/WOOD/PavlovVR-ModKit/Plugins/UGC3701583/Content/SVR_GoodTime_Cordon/Blueprints/My_PlayerProxyExample.uexp" 175
"C:/PAVLOV/WOOD/PavlovVR-ModKit/Plugins/UGC3701583/Content/SVR_GoodTime_Cordon/Textures/veh_ekskavator.uasset" 176
"C:/PAVLOV/WOOD/PavlovVR-ModKit/Plugins/UGC3701583/Content/SVR_GoodTime_Cordon/Textures/veh_ekskavator.uexp" 177
"C:/PAVLOV/WOOD/PavlovVR-ModKit/Plugins/UGC3701583/Content/SVR_GoodTime_Cordon/Materials/Veh_ekskavator.uasset" 178
"C:/PAVLOV/WOOD/PavlovVR-ModKit/Plugins/UGC3701583/Content/SVR_GoodTime_Cordon/Materials/Veh_ekskavator.uexp" 179
"C:/PAVLOV/WOOD/PavlovVR-ModKit/Plugins/UGC3701583/Content/SVR_GoodTime_Cordon/Textures/veh_vagon1_01.uasset" 180
"C:/PAVLOV/WOOD/PavlovVR-ModKit/Plugins/UGC3701583/Content/SVR_GoodTime_Cordon/Textures/veh_vagon1_01.uexp" 181
"C:/PAVLOV/WOOD/PavlovVR-ModKit/Plugins/UGC3701583/Content/SVR_GoodTime_Cordon/Materials/Veh_vagon1_01.uasset" 182
"C:/PAVLOV/WOOD/PavlovVR-ModKit/Plugins/UGC3701583/Content/SVR_GoodTime_Cordon/Materials/Veh_vagon1_01.uexp" 183
"C:/PAVLOV/WOOD/PavlovVR-ModKit/Plugins/UGC3701583/Content/SVR_GoodTime_Cordon/Textures/veh_ekskavator_kovsh.uasset" 184
"C:/PAVLOV/WOOD/PavlovVR-ModKit/Plugins/UGC3701583/Content/SVR_GoodTime_Cordon/Textures/veh_ekskavator_kovsh.uexp" 185
"C:/PAVLOV/WOOD/PavlovVR-ModKit/Plugins/UGC3701583/Content/SVR_GoodTime_Cordon/Materials/Veh_ekskavator_kovsh.uasset" 186
"C:/PAVLOV/WOOD/PavlovVR-ModKit/Plugins/UGC3701583/Content/SVR_GoodTime_Cordon/Materials/Veh_ekskavator_kovsh.uexp" 187
"C:/PAVLOV/WOOD/PavlovVR-ModKit/Plugins/UGC3701583/Content/SVR_GoodTime_Cordon/Textures/metal.uasset" 188
"C:/PAVLOV/WOOD/PavlovVR-ModKit/Plugins/UGC3701583/Content/SVR_GoodTime_Cordon/Textures/metal.uexp" 189
"C:/PAVLOV/WOOD/PavlovVR-ModKit/Plugins/UGC3701583/Content/SVR_GoodTime_Cordon/Materials/IMetal.uasset" 190
"C:/PAVLOV/WOOD/PavlovVR-ModKit/Plugins/UGC3701583/Content/SVR_GoodTime_Cordon/Materials/IMetal.uexp" 191
"C:/PAVLOV/WOOD/PavlovVR-ModKit/Plugins/UGC3701583/Content/SVR_GoodTime_Cordon/Models/Merged/SM_MERGED_Tractor_11.uasset" 192
"C:/PAVLOV/WOOD/PavlovVR-ModKit/Plugins/UGC3701583/Content/SVR_GoodTime_Cordon/Models/Merged/SM_MERGED_Tractor_11.uexp" 193
"C:/PAVLOV/WOOD/PavlovVR-ModKit/Plugins/UGC3701583/Content/SVR_GoodTime_Cordon/Textures/ston_briks_ch_iov.uasset" 194
"C:/PAVLOV/WOOD/PavlovVR-ModKit/Plugins/UGC3701583/Content/SVR_GoodTime_Cordon/Textures/ston_briks_ch_iov.uexp" 195
"C:/PAVLOV/WOOD/PavlovVR-ModKit/Plugins/UGC3701583/Content/SVR_GoodTime_Cordon/Materials/Ston_briks_ch_iov.uasset" 196
"C:/PAVLOV/WOOD/PavlovVR-ModKit/Plugins/UGC3701583/Content/SVR_GoodTime_Cordon/Materials/Ston_briks_ch_iov.uexp" 197
"C:/PAVLOV/WOOD/PavlovVR-ModKit/Plugins/UGC3701583/Content/SVR_GoodTime_Cordon/Textures/wood.uasset" 198
"C:/PAVLOV/WOOD/PavlovVR-ModKit/Plugins/UGC3701583/Content/SVR_GoodTime_Cordon/Textures/wood.uexp" 199
"C:/PAVLOV/WOOD/PavlovVR-ModKit/Plugins/UGC3701583/Content/SVR_GoodTime_Cordon/Materials/IWood.uasset" 200
"C:/PAVLOV/WOOD/PavlovVR-ModKit/Plugins/UGC3701583/Content/SVR_GoodTime_Cordon/Materials/IWood.uexp" 201
"C:/PAVLOV/WOOD/PavlovVR-ModKit/Plugins/UGC3701583/Content/SVR_GoodTime_Cordon/Models/Merged/MERGED_Fireplaces.uasset" 202
"C:/PAVLOV/WOOD/PavlovVR-ModKit/Plugins/UGC3701583/Content/SVR_GoodTime_Cordon/Models/Merged/MERGED_Fireplaces.uexp" 203
"C:/PAVLOV/WOOD/PavlovVR-ModKit/Plugins/UGC3701583/Content/SVR_GoodTime_Cordon/Textures/veh_bochka_pricep.uasset" 204
"C:/PAVLOV/WOOD/PavlovVR-ModKit/Plugins/UGC3701583/Content/SVR_GoodTime_Cordon/Textures/veh_bochka_pricep.uexp" 205
"C:/PAVLOV/WOOD/PavlovVR-ModKit/Plugins/UGC3701583/Content/SVR_GoodTime_Cordon/Materials/Veh_bochka_pricep.uasset" 206
"C:/PAVLOV/WOOD/PavlovVR-ModKit/Plugins/UGC3701583/Content/SVR_GoodTime_Cordon/Materials/Veh_bochka_pricep.uexp" 207
"C:/PAVLOV/WOOD/PavlovVR-ModKit/Plugins/UGC3701583/Content/SVR_GoodTime_Cordon/Textures/veh_molokovoz.uasset" 208
"C:/PAVLOV/WOOD/PavlovVR-ModKit/Plugins/UGC3701583/Content/SVR_GoodTime_Cordon/Textures/veh_molokovoz.uexp" 209
"C:/PAVLOV/WOOD/PavlovVR-ModKit/Plugins/UGC3701583/Content/SVR_GoodTime_Cordon/Materials/Veh_molokovoz.uasset" 210
"C:/PAVLOV/WOOD/PavlovVR-ModKit/Plugins/UGC3701583/Content/SVR_GoodTime_Cordon/Materials/Veh_molokovoz.uexp" 211
"C:/PAVLOV/WOOD/PavlovVR-ModKit/Plugins/UGC3701583/Content/SVR_GoodTime_Cordon/Textures/veh_lada_br.uasset" 212
"C:/PAVLOV/WOOD/PavlovVR-ModKit/Plugins/UGC3701583/Content/SVR_GoodTime_Cordon/Textures/veh_lada_br.uexp" 213
"C:/PAVLOV/WOOD/PavlovVR-ModKit/Plugins/UGC3701583/Content/SVR_GoodTime_Cordon/Materials/Veh_lada_br.uasset" 214
"C:/PAVLOV/WOOD/PavlovVR-ModKit/Plugins/UGC3701583/Content/SVR_GoodTime_Cordon/Materials/Veh_lada_br.uexp" 215
"C:/PAVLOV/WOOD/PavlovVR-ModKit/Plugins/UGC3701583/Content/SVR_GoodTime_Cordon/Models/Merged/Base2.uasset" 216
"C:/PAVLOV/WOOD/PavlovVR-ModKit/Plugins/UGC3701583/Content/SVR_GoodTime_Cordon/Models/Merged/Base2.uexp" 217
"C:/PAVLOV/WOOD/PavlovVR-ModKit/Plugins/UGC3701583/Content/SVR_GoodTime_Cordon/Models/Vagon1.uasset" 218
"C:/PAVLOV/WOOD/PavlovVR-ModKit/Plugins/UGC3701583/Content/SVR_GoodTime_Cordon/Models/Vagon1.uexp" 219
"C:/PAVLOV/WOOD/PavlovVR-ModKit/Plugins/UGC3701583/Content/SVR_GoodTime_Cordon/Models/Tree5/Door.uasset" 220
"C:/PAVLOV/WOOD/PavlovVR-ModKit/Plugins/UGC3701583/Content/SVR_GoodTime_Cordon/Models/Tree5/Door.uexp" 221
"C:/PAVLOV/WOOD/PavlovVR-ModKit/Plugins/UGC3701583/Content/SVR_GoodTime_Cordon/Blueprints/Door.uasset" 222
"C:/PAVLOV/WOOD/PavlovVR-ModKit/Plugins/UGC3701583/Content/SVR_GoodTime_Cordon/Blueprints/Door.uexp" 223
"C:/PAVLOV/WOOD/PavlovVR-ModKit/Plugins/UGC3701583/Content/SVR_GoodTime_Cordon/Textures/Bush2Lod.uasset" 224
"C:/PAVLOV/WOOD/PavlovVR-ModKit/Plugins/UGC3701583/Content/SVR_GoodTime_Cordon/Textures/Bush2Lod.uexp" 225
"C:/PAVLOV/WOOD/PavlovVR-ModKit/Plugins/UGC3701583/Content/SVR_GoodTime_Cordon/Materials/Bush1Lod.uasset" 226
"C:/PAVLOV/WOOD/PavlovVR-ModKit/Plugins/UGC3701583/Content/SVR_GoodTime_Cordon/Materials/Bush1Lod.uexp" 227
"C:/PAVLOV/WOOD/PavlovVR-ModKit/Plugins/UGC3701583/Content/SVR_GoodTime_Cordon/Textures/tree-leaves-texture-png-1-Transparent-Images.uasset" 228
"C:/PAVLOV/WOOD/PavlovVR-ModKit/Plugins/UGC3701583/Content/SVR_GoodTime_Cordon/Textures/tree-leaves-texture-png-1-Transparent-Images.uexp" 229
"C:/PAVLOV/WOOD/PavlovVR-ModKit/Plugins/UGC3701583/Content/SVR_GoodTime_Cordon/Materials/Bush.uasset" 230
"C:/PAVLOV/WOOD/PavlovVR-ModKit/Plugins/UGC3701583/Content/SVR_GoodTime_Cordon/Materials/Bush.uexp" 231
"C:/PAVLOV/WOOD/PavlovVR-ModKit/Plugins/UGC3701583/Content/SVR_GoodTime_Cordon/Models/Bush/BushTree.uasset" 232
"C:/PAVLOV/WOOD/PavlovVR-ModKit/Plugins/UGC3701583/Content/SVR_GoodTime_Cordon/Models/Bush/BushTree.uexp" 233
"C:/PAVLOV/WOOD/PavlovVR-ModKit/Plugins/UGC3701583/Content/SVR_GoodTime_Cordon/Models/Bush/BushBig.uasset" 234
"C:/PAVLOV/WOOD/PavlovVR-ModKit/Plugins/UGC3701583/Content/SVR_GoodTime_Cordon/Models/Bush/BushBig.uexp" 235
"C:/PAVLOV/WOOD/PavlovVR-ModKit/Plugins/UGC3701583/Content/SVR_GoodTime_Cordon/Sounds/650f9f918d849ea.uasset" 236
"C:/PAVLOV/WOOD/PavlovVR-ModKit/Plugins/UGC3701583/Content/SVR_GoodTime_Cordon/Sounds/650f9f918d849ea.uexp" 237
"C:/PAVLOV/WOOD/PavlovVR-ModKit/Plugins/UGC3701583/Content/SVR_GoodTime_Cordon/Blueprints/Noise.uasset" 238
"C:/PAVLOV/WOOD/PavlovVR-ModKit/Plugins/UGC3701583/Content/SVR_GoodTime_Cordon/Blueprints/Noise.uexp" 239
"C:/PAVLOV/WOOD/PavlovVR-ModKit/Plugins/UGC3701583/Content/SVR_GoodTime_Cordon/Blueprints/BushNoise.uasset" 240
"C:/PAVLOV/WOOD/PavlovVR-ModKit/Plugins/UGC3701583/Content/SVR_GoodTime_Cordon/Blueprints/BushNoise.uexp" 241
"../../../Engine/Plugins/Bridge/Content/MSPresets/M_MS_Default_Material/Functions/MF_Transmission.uasset" 242
"../../../Engine/Plugins/Bridge/Content/MSPresets/M_MS_Default_Material/Functions/MF_Transmission.uexp" 243
"../../../Engine/Plugins/Bridge/Content/MSPresets/M_MS_Default_Material/Functions/MF_MapAdjustments.uasset" 244
"../../../Engine/Plugins/Bridge/Content/MSPresets/M_MS_Default_Material/Functions/MF_MapAdjustments.uexp" 245
"../../../Engine/Plugins/Bridge/Content/MSPresets/M_MS_Default_Material/Functions/MF_Tiling.uasset" 246
"../../../Engine/Plugins/Bridge/Content/MSPresets/M_MS_Default_Material/Functions/MF_Tiling.uexp" 247
"../../../Engine/Plugins/Bridge/Content/MSPresets/MSTextures/BlackPlaceholder.uasset" 248
"../../../Engine/Plugins/Bridge/Content/MSPresets/MSTextures/BlackPlaceholder.uexp" 249
"../../../Engine/Plugins/Bridge/Content/MSPresets/MSTextures/Placeholder_Normal.uasset" 250
"../../../Engine/Plugins/Bridge/Content/MSPresets/MSTextures/Placeholder_Normal.uexp" 251
"../../../Engine/Plugins/Bridge/Content/MSPresets/MSTextures/WhitePlaceholder.uasset" 252
"../../../Engine/Plugins/Bridge/Content/MSPresets/MSTextures/WhitePlaceholder.uexp" 253
"C:/PAVLOV/WOOD/PavlovVR-ModKit/Plugins/UGC3701583/Content/SVR_GoodTime_Cordon/Models/Builder/House8.uasset" 254
"C:/PAVLOV/WOOD/PavlovVR-ModKit/Plugins/UGC3701583/Content/SVR_GoodTime_Cordon/Models/Builder/House8.uexp" 255
"C:/PAVLOV/WOOD/PavlovVR-ModKit/Plugins/UGC3701583/Content/SVR_GoodTime_Cordon/Materials/StalkerSky.uasset" 256
"C:/PAVLOV/WOOD/PavlovVR-ModKit/Plugins/UGC3701583/Content/SVR_GoodTime_Cordon/Materials/StalkerSky.uexp" 257
"C:/PAVLOV/WOOD/PavlovVR-ModKit/Plugins/UGC3701583/Content/SVR_GoodTime_Cordon/Textures/ston_stripes_iov.uasset" 258
"C:/PAVLOV/WOOD/PavlovVR-ModKit/Plugins/UGC3701583/Content/SVR_GoodTime_Cordon/Textures/ston_stripes_iov.uexp" 259
"C:/PAVLOV/WOOD/PavlovVR-ModKit/Plugins/UGC3701583/Content/SVR_GoodTime_Cordon/Materials/Ston_stripes_iov.uasset" 260
"C:/PAVLOV/WOOD/PavlovVR-ModKit/Plugins/UGC3701583/Content/SVR_GoodTime_Cordon/Materials/Ston_stripes_iov.uexp" 261
"C:/PAVLOV/WOOD/PavlovVR-ModKit/Plugins/UGC3701583/Content/SVR_GoodTime_Cordon/Models/Builder/Base45_progressive_091.uasset" 262
"C:/PAVLOV/WOOD/PavlovVR-ModKit/Plugins/UGC3701583/Content/SVR_GoodTime_Cordon/Models/Builder/Base45_progressive_091.uexp" 263
"C:/PAVLOV/WOOD/PavlovVR-ModKit/Plugins/UGC3701583/Content/SVR_GoodTime_Cordon/Textures/veh_kamaz_u_br.uasset" 264
"C:/PAVLOV/WOOD/PavlovVR-ModKit/Plugins/UGC3701583/Content/SVR_GoodTime_Cordon/Textures/veh_kamaz_u_br.uexp" 265
"C:/PAVLOV/WOOD/PavlovVR-ModKit/Plugins/UGC3701583/Content/SVR_GoodTime_Cordon/Materials/Veh_kamaz_u_br.uasset" 266
"C:/PAVLOV/WOOD/PavlovVR-ModKit/Plugins/UGC3701583/Content/SVR_GoodTime_Cordon/Materials/Veh_kamaz_u_br.uexp" 267
"C:/PAVLOV/WOOD/PavlovVR-ModKit/Plugins/UGC3701583/Content/SVR_GoodTime_Cordon/Cordon_BuiltData.uasset" 268
"C:/PAVLOV/WOOD/PavlovVR-ModKit/Plugins/UGC3701583/Content/SVR_GoodTime_Cordon/Cordon_BuiltData.uexp" 269
"C:/PAVLOV/WOOD/PavlovVR-ModKit/Plugins/UGC3701583/Content/SVR_GoodTime_Cordon/Textures/door_gr_iov_01.uasset" 270
"C:/PAVLOV/WOOD/PavlovVR-ModKit/Plugins/UGC3701583/Content/SVR_GoodTime_Cordon/Textures/door_gr_iov_01.uexp" 271
"C:/PAVLOV/WOOD/PavlovVR-ModKit/Plugins/UGC3701583/Content/SVR_GoodTime_Cordon/Materials/Door2.uasset" 272
"C:/PAVLOV/WOOD/PavlovVR-ModKit/Plugins/UGC3701583/Content/SVR_GoodTime_Cordon/Materials/Door2.uexp" 273
"C:/PAVLOV/WOOD/PavlovVR-ModKit/Plugins/UGC3701583/Content/SVR_GoodTime_Cordon/Materials/Ston_beton_ch_15.uasset" 274
"C:/PAVLOV/WOOD/PavlovVR-ModKit/Plugins/UGC3701583/Content/SVR_GoodTime_Cordon/Materials/Ston_beton_ch_15.uexp" 275
"C:/PAVLOV/WOOD/PavlovVR-ModKit/Plugins/UGC3701583/Content/SVR_GoodTime_Cordon/Materials/Gravel_LayerInfo.uasset" 276
"C:/PAVLOV/WOOD/PavlovVR-ModKit/Plugins/UGC3701583/Content/SVR_GoodTime_Cordon/Materials/Gravel_LayerInfo.uexp" 277
"C:/PAVLOV/WOOD/PavlovVR-ModKit/Plugins/UGC3701583/Content/SVR_GoodTime_Cordon/Models/Builder/Base45_normal_7373.uasset" 278
"C:/PAVLOV/WOOD/PavlovVR-ModKit/Plugins/UGC3701583/Content/SVR_GoodTime_Cordon/Models/Builder/Base45_normal_7373.uexp" 279
"C:/PAVLOV/WOOD/PavlovVR-ModKit/Plugins/UGC3701583/Content/SVR_GoodTime_Cordon/Materials/Lanscape.uasset" 280
"C:/PAVLOV/WOOD/PavlovVR-ModKit/Plugins/UGC3701583/Content/SVR_GoodTime_Cordon/Materials/Lanscape.uexp" 281
"C:/PAVLOV/WOOD/PavlovVR-ModKit/Plugins/UGC3701583/Content/SVR_GoodTime_Cordon/Materials/Lanscape_Inst.uasset" 282
"C:/PAVLOV/WOOD/PavlovVR-ModKit/Plugins/UGC3701583/Content/SVR_GoodTime_Cordon/Materials/Lanscape_Inst.uexp" 283
"C:/PAVLOV/WOOD/PavlovVR-ModKit/Plugins/UGC3701583/Content/SVR_GoodTime_Cordon/Textures/prop_door9.uasset" 284
"C:/PAVLOV/WOOD/PavlovVR-ModKit/Plugins/UGC3701583/Content/SVR_GoodTime_Cordon/Textures/prop_door9.uexp" 285
"C:/PAVLOV/WOOD/PavlovVR-ModKit/Plugins/UGC3701583/Content/SVR_GoodTime_Cordon/Materials/Door9.uasset" 286
"C:/PAVLOV/WOOD/PavlovVR-ModKit/Plugins/UGC3701583/Content/SVR_GoodTime_Cordon/Materials/Door9.uexp" 287
"C:/PAVLOV/WOOD/PavlovVR-ModKit/Plugins/UGC3701583/Content/SVR_GoodTime_Cordon/Textures/veh_zil.uasset" 288
"C:/PAVLOV/WOOD/PavlovVR-ModKit/Plugins/UGC3701583/Content/SVR_GoodTime_Cordon/Textures/veh_zil.uexp" 289
"C:/PAVLOV/WOOD/PavlovVR-ModKit/Plugins/UGC3701583/Content/SVR_GoodTime_Cordon/Materials/Zil.uasset" 290
"C:/PAVLOV/WOOD/PavlovVR-ModKit/Plugins/UGC3701583/Content/SVR_GoodTime_Cordon/Materials/Zil.uexp" 291
"C:/PAVLOV/WOOD/PavlovVR-ModKit/Plugins/UGC3701583/Content/SVR_GoodTime_Cordon/Models/Merged/Base1.uasset" 292
"C:/PAVLOV/WOOD/PavlovVR-ModKit/Plugins/UGC3701583/Content/SVR_GoodTime_Cordon/Models/Merged/Base1.uexp" 293
"C:/PAVLOV/WOOD/PavlovVR-ModKit/Plugins/UGC3701583/Content/SVR_GoodTime_Cordon/Materials/Rusty_Shipping_Container_vl3iaiedy/Wall2.uasset" 294
"C:/PAVLOV/WOOD/PavlovVR-ModKit/Plugins/UGC3701583/Content/SVR_GoodTime_Cordon/Materials/Rusty_Shipping_Container_vl3iaiedy/Wall2.uexp" 295
"C:/PAVLOV/WOOD/PavlovVR-ModKit/Plugins/UGC3701583/Content/SVR_GoodTime_Cordon/Models/Builder/House69_House6.uasset" 296
"C:/PAVLOV/WOOD/PavlovVR-ModKit/Plugins/UGC3701583/Content/SVR_GoodTime_Cordon/Models/Builder/House69_House6.uexp" 297
"C:/PAVLOV/WOOD/PavlovVR-ModKit/Plugins/UGC3701583/Content/SVR_GoodTime_Cordon/Textures/tree1lod.uasset" 298
"C:/PAVLOV/WOOD/PavlovVR-ModKit/Plugins/UGC3701583/Content/SVR_GoodTime_Cordon/Textures/tree1lod.uexp" 299
"C:/PAVLOV/WOOD/PavlovVR-ModKit/Plugins/UGC3701583/Content/SVR_GoodTime_Cordon/Materials/Tree1Lod.uasset" 300
"C:/PAVLOV/WOOD/PavlovVR-ModKit/Plugins/UGC3701583/Content/SVR_GoodTime_Cordon/Materials/Tree1Lod.uexp" 301
"C:/PAVLOV/WOOD/PavlovVR-ModKit/Plugins/UGC3701583/Content/SVR_GoodTime_Cordon/Textures/trees_bark_a_02.uasset" 302
"C:/PAVLOV/WOOD/PavlovVR-ModKit/Plugins/UGC3701583/Content/SVR_GoodTime_Cordon/Textures/trees_bark_a_02.uexp" 303
"C:/PAVLOV/WOOD/PavlovVR-ModKit/Plugins/UGC3701583/Content/SVR_GoodTime_Cordon/Materials/Bark.uasset" 304
"C:/PAVLOV/WOOD/PavlovVR-ModKit/Plugins/UGC3701583/Content/SVR_GoodTime_Cordon/Materials/Bark.uexp" 305
"C:/PAVLOV/WOOD/PavlovVR-ModKit/Plugins/UGC3701583/Content/SVR_GoodTime_Cordon/Models/Tree1/Tree1.uasset" 306
"C:/PAVLOV/WOOD/PavlovVR-ModKit/Plugins/UGC3701583/Content/SVR_GoodTime_Cordon/Models/Tree1/Tree1.uexp" 307
"C:/PAVLOV/WOOD/PavlovVR-ModKit/Plugins/UGC3701583/Content/SVR_GoodTime_Cordon/Materials/Grnd_zemlya.uasset" 308
"C:/PAVLOV/WOOD/PavlovVR-ModKit/Plugins/UGC3701583/Content/SVR_GoodTime_Cordon/Materials/Grnd_zemlya.uexp" 309
"C:/PAVLOV/WOOD/PavlovVR-ModKit/Plugins/UGC3701583/Content/SVR_GoodTime_Cordon/Textures/concrete.uasset" 310
"C:/PAVLOV/WOOD/PavlovVR-ModKit/Plugins/UGC3701583/Content/SVR_GoodTime_Cordon/Textures/concrete.uexp" 311
"C:/PAVLOV/WOOD/PavlovVR-ModKit/Plugins/UGC3701583/Content/SVR_GoodTime_Cordon/Materials/IConcrete.uasset" 312
"C:/PAVLOV/WOOD/PavlovVR-ModKit/Plugins/UGC3701583/Content/SVR_GoodTime_Cordon/Materials/IConcrete.uexp" 313
"C:/PAVLOV/WOOD/PavlovVR-ModKit/Plugins/UGC3701583/Content/SVR_GoodTime_Cordon/definition.uasset" 314
"C:/PAVLOV/WOOD/PavlovVR-ModKit/Plugins/UGC3701583/Content/SVR_GoodTime_Cordon/definition.uexp" 315
"C:/PAVLOV/WOOD/PavlovVR-ModKit/Plugins/UGC3701583/Content/SVR_GoodTime_Cordon/Textures/veh_uaz_2.uasset" 316
"C:/PAVLOV/WOOD/PavlovVR-ModKit/Plugins/UGC3701583/Content/SVR_GoodTime_Cordon/Textures/veh_uaz_2.uexp" 317
"C:/PAVLOV/WOOD/PavlovVR-ModKit/Plugins/UGC3701583/Content/SVR_GoodTime_Cordon/Materials/Veh_uaz_2.uasset" 318
"C:/PAVLOV/WOOD/PavlovVR-ModKit/Plugins/UGC3701583/Content/SVR_GoodTime_Cordon/Materials/Veh_uaz_2.uexp" 319
"C:/PAVLOV/WOOD/PavlovVR-ModKit/Plugins/UGC3701583/Content/SVR_GoodTime_Cordon/Models/Merged/Base2_veh_merged.uasset" 320
"C:/PAVLOV/WOOD/PavlovVR-ModKit/Plugins/UGC3701583/Content/SVR_GoodTime_Cordon/Models/Merged/Base2_veh_merged.uexp" 321
"C:/PAVLOV/WOOD/PavlovVR-ModKit/Plugins/UGC3701583/Content/SVR_GoodTime_Cordon/Models/Builder/House7.uasset" 322
"C:/PAVLOV/WOOD/PavlovVR-ModKit/Plugins/UGC3701583/Content/SVR_GoodTime_Cordon/Models/Builder/House7.uexp" 323
"C:/PAVLOV/WOOD/PavlovVR-ModKit/Plugins/UGC3701583/Content/SVR_GoodTime_Cordon/Textures/trees_vetkabig.uasset" 324
"C:/PAVLOV/WOOD/PavlovVR-ModKit/Plugins/UGC3701583/Content/SVR_GoodTime_Cordon/Textures/trees_vetkabig.uexp" 325
"C:/PAVLOV/WOOD/PavlovVR-ModKit/Plugins/UGC3701583/Content/SVR_GoodTime_Cordon/Materials/Trees_vetkabig.uasset" 326
"C:/PAVLOV/WOOD/PavlovVR-ModKit/Plugins/UGC3701583/Content/SVR_GoodTime_Cordon/Materials/Trees_vetkabig.uexp" 327
"C:/PAVLOV/WOOD/PavlovVR-ModKit/Plugins/UGC3701583/Content/SVR_GoodTime_Cordon/Textures/Tree7.uasset" 328
"C:/PAVLOV/WOOD/PavlovVR-ModKit/Plugins/UGC3701583/Content/SVR_GoodTime_Cordon/Textures/Tree7.uexp" 329
"C:/PAVLOV/WOOD/PavlovVR-ModKit/Plugins/UGC3701583/Content/SVR_GoodTime_Cordon/Materials/Tree3Lod.uasset" 330
"C:/PAVLOV/WOOD/PavlovVR-ModKit/Plugins/UGC3701583/Content/SVR_GoodTime_Cordon/Materials/Tree3Lod.uexp" 331
"C:/PAVLOV/WOOD/PavlovVR-ModKit/Plugins/UGC3701583/Content/SVR_GoodTime_Cordon/Models/Tree3/tree3.uasset" 332
"C:/PAVLOV/WOOD/PavlovVR-ModKit/Plugins/UGC3701583/Content/SVR_GoodTime_Cordon/Models/Tree3/tree3.uexp" 333
"C:/PAVLOV/WOOD/PavlovVR-ModKit/Plugins/UGC3701583/Content/SVR_GoodTime_Cordon/Materials/Mossy_LayerInfo.uasset" 334
"C:/PAVLOV/WOOD/PavlovVR-ModKit/Plugins/UGC3701583/Content/SVR_GoodTime_Cordon/Materials/Mossy_LayerInfo.uexp" 335
"C:/PAVLOV/WOOD/PavlovVR-ModKit/Plugins/UGC3701583/Content/SVR_GoodTime_Cordon/Models/Builder/House69_House9.uasset" 336
"C:/PAVLOV/WOOD/PavlovVR-ModKit/Plugins/UGC3701583/Content/SVR_GoodTime_Cordon/Models/Builder/House69_House9.uexp" 337
"C:/PAVLOV/WOOD/PavlovVR-ModKit/Plugins/UGC3701583/Content/SVR_GoodTime_Cordon/Textures/ston_br2_iov.uasset" 338
"C:/PAVLOV/WOOD/PavlovVR-ModKit/Plugins/UGC3701583/Content/SVR_GoodTime_Cordon/Textures/ston_br2_iov.uexp" 339
"C:/PAVLOV/WOOD/PavlovVR-ModKit/Plugins/UGC3701583/Content/SVR_GoodTime_Cordon/Materials/Ston_br2_iov.uasset" 340
"C:/PAVLOV/WOOD/PavlovVR-ModKit/Plugins/UGC3701583/Content/SVR_GoodTime_Cordon/Materials/Ston_br2_iov.uexp" 341
"C:/PAVLOV/WOOD/PavlovVR-ModKit/Plugins/UGC3701583/Content/SVR_GoodTime_Cordon/Models/Builder/Base1_normal_6168.uasset" 342
"C:/PAVLOV/WOOD/PavlovVR-ModKit/Plugins/UGC3701583/Content/SVR_GoodTime_Cordon/Models/Builder/Base1_normal_6168.uexp" 343
"C:/PAVLOV/WOOD/PavlovVR-ModKit/Plugins/UGC3701583/Content/SVR_GoodTime_Cordon/Models/Builder/Base1_normal_6216.uasset" 344
"C:/PAVLOV/WOOD/PavlovVR-ModKit/Plugins/UGC3701583/Content/SVR_GoodTime_Cordon/Models/Builder/Base1_normal_6216.uexp" 345
"C:/PAVLOV/WOOD/PavlovVR-ModKit/Plugins/UGC3701583/Content/SVR_GoodTime_Cordon/Models/Builder/Base1_normal_6259.uasset" 346
"C:/PAVLOV/WOOD/PavlovVR-ModKit/Plugins/UGC3701583/Content/SVR_GoodTime_Cordon/Models/Builder/Base1_normal_6259.uexp" 347
"C:/PAVLOV/WOOD/PavlovVR-ModKit/Plugins/UGC3701583/Content/SVR_GoodTime_Cordon/Models/Builder/Base1_normal_6291.uasset" 348
"C:/PAVLOV/WOOD/PavlovVR-ModKit/Plugins/UGC3701583/Content/SVR_GoodTime_Cordon/Models/Builder/Base1_normal_6291.uexp" 349
"C:/PAVLOV/WOOD/PavlovVR-ModKit/Plugins/UGC3701583/Content/SVR_GoodTime_Cordon/Textures/crete_schiffer3.uasset" 350
"C:/PAVLOV/WOOD/PavlovVR-ModKit/Plugins/UGC3701583/Content/SVR_GoodTime_Cordon/Textures/crete_schiffer3.uexp" 351
"C:/PAVLOV/WOOD/PavlovVR-ModKit/Plugins/UGC3701583/Content/SVR_GoodTime_Cordon/Materials/Crete_schiffer3.uasset" 352
"C:/PAVLOV/WOOD/PavlovVR-ModKit/Plugins/UGC3701583/Content/SVR_GoodTime_Cordon/Materials/Crete_schiffer3.uexp" 353
"C:/PAVLOV/WOOD/PavlovVR-ModKit/Plugins/UGC3701583/Content/SVR_GoodTime_Cordon/Models/Skins/PlayerSkinTable.uasset" 354
"C:/PAVLOV/WOOD/PavlovVR-ModKit/Plugins/UGC3701583/Content/SVR_GoodTime_Cordon/Models/Skins/PlayerSkinTable.uexp" 355
"C:/PAVLOV/WOOD/PavlovVR-ModKit/Plugins/UGC3701583/Content/SVR_GoodTime_Cordon/Models/Skins/CMP_GlobalInfoExample1.uasset" 356
"C:/PAVLOV/WOOD/PavlovVR-ModKit/Plugins/UGC3701583/Content/SVR_GoodTime_Cordon/Models/Skins/CMP_GlobalInfoExample1.uexp" 357
"C:/PAVLOV/WOOD/PavlovVR-ModKit/Plugins/UGC3701583/Content/SVR_GoodTime_Cordon/Textures/veh_uazik_new.uasset" 358
"C:/PAVLOV/WOOD/PavlovVR-ModKit/Plugins/UGC3701583/Content/SVR_GoodTime_Cordon/Textures/veh_uazik_new.uexp" 359
"C:/PAVLOV/WOOD/PavlovVR-ModKit/Plugins/UGC3701583/Content/SVR_GoodTime_Cordon/Materials/Veh_uazik.uasset" 360
"C:/PAVLOV/WOOD/PavlovVR-ModKit/Plugins/UGC3701583/Content/SVR_GoodTime_Cordon/Materials/Veh_uazik.uexp" 361
"C:/PAVLOV/WOOD/PavlovVR-ModKit/Plugins/UGC3701583/Content/SVR_GoodTime_Cordon/Models/Merged/Base0.uasset" 362
"C:/PAVLOV/WOOD/PavlovVR-ModKit/Plugins/UGC3701583/Content/SVR_GoodTime_Cordon/Models/Merged/Base0.uexp" 363
"C:/PAVLOV/WOOD/PavlovVR-ModKit/Plugins/UGC3701583/Content/SVR_GoodTime_Cordon/Cordon.uexp" 364
"C:/PAVLOV/WOOD/PavlovVR-ModKit/Plugins/UGC3701583/Content/SVR_GoodTime_Cordon/Cordon.umap" 365
